2025-06-10 01:17:49.716 [info] [main] Log level: Info
2025-06-10 01:17:49.716 [info] [main] Validating found git in: "git"
2025-06-10 01:17:49.716 [info] [main] Using git "2.34.1" from "git"
2025-06-10 01:17:49.716 [info] [Model][doInitialScan] Initial repository scan started
2025-06-10 01:17:49.716 [info] > git rev-parse --show-toplevel [11ms]
2025-06-10 01:17:49.716 [info] > git rev-parse --git-dir --git-common-dir [226ms]
2025-06-10 01:17:49.716 [info] [Model][openRepository] Opened repository (path): /home/ubuntu
2025-06-10 01:17:49.716 [info] [Model][openRepository] Opened repository (real path): /home/ubuntu
2025-06-10 01:17:49.717 [info] [Git][getRemotes] No remotes found in the git config file
2025-06-10 01:17:49.729 [info] > git config --get commit.template [13ms]
2025-06-10 01:17:49.730 [info] > git for-each-ref --format=%(refname)%00%(upstream:short)%00%(objectname)%00%(upstream:track)%00%(upstream:remotename)%00%(upstream:remoteref) refs/heads/master refs/remotes/master [2ms]
2025-06-10 01:17:49.731 [warning] [Git][getBranch] No such branch: master
2025-06-10 01:17:50.450 [info] > git rev-parse --show-toplevel [689ms]
2025-06-10 01:17:50.450 [info] > git for-each-ref --sort -committerdate --format %(refname)%00%(objectname)%00%(*objectname) [699ms]
2025-06-10 01:17:50.508 [info] > git rev-parse --show-toplevel [9ms]
2025-06-10 01:17:50.593 [info] > git status -z -uall [851ms] (cancelled)
2025-06-10 01:17:50.593 [info] > git rev-parse --show-toplevel [37ms]
2025-06-10 01:17:51.891 [info] > git check-ignore -v -z --stdin [1068ms]
2025-06-10 01:17:51.892 [info] > git rev-parse --show-toplevel [1086ms]
2025-06-10 01:17:51.893 [info] > git for-each-ref --format=%(refname)%00%(upstream:short)%00%(objectname)%00%(upstream:track)%00%(upstream:remotename)%00%(upstream:remoteref) refs/heads/master refs/remotes/master [1098ms]
2025-06-10 01:17:51.893 [warning] [Git][getBranch] No such branch: master
2025-06-10 01:17:51.893 [error] [GitHistoryProvider][resolveHEADMergeBase] Failed to resolve merge base for master: Error: No such branch: master.
2025-06-10 01:17:51.914 [info] > git config --get commit.template [75ms]
2025-06-10 01:17:51.921 [info] > git rev-parse --show-toplevel [11ms]
2025-06-10 01:17:51.923 [info] [Git][getRemotes] No remotes found in the git config file
2025-06-10 01:17:51.949 [info] > git rev-parse --show-toplevel [5ms]
2025-06-10 01:17:51.949 [info] > git for-each-ref --format=%(refname)%00%(upstream:short)%00%(objectname)%00%(upstream:track)%00%(upstream:remotename)%00%(upstream:remoteref) refs/heads/master refs/remotes/master [16ms]
2025-06-10 01:17:51.949 [warning] [Git][getBranch] No such branch: master
2025-06-10 01:17:51.981 [info] > git for-each-ref --sort -committerdate --format %(refname)%00%(objectname)%00%(*objectname) [14ms]
2025-06-10 01:17:51.985 [info] > git rev-parse --show-toplevel [9ms]
2025-06-10 01:17:52.000 [info] > git rev-parse --show-toplevel [4ms]
2025-06-10 01:17:52.008 [info] > git rev-parse --show-toplevel [1ms]
2025-06-10 01:17:52.018 [info] > git rev-parse --show-toplevel [2ms]
2025-06-10 01:17:52.027 [info] > git rev-parse --show-toplevel [2ms]
2025-06-10 01:17:52.028 [info] [Model][doInitialScan] Initial repository scan completed - repositories (1), closed repositories (0), parent repositories (0), unsafe repositories (0)
2025-06-10 01:17:52.052 [info] > git show --textconv :keygenie_bot.py [17ms]
2025-06-10 01:17:52.061 [info] > git ls-files --stage -- keygenie_bot.py [19ms]
2025-06-10 01:17:52.068 [info] > git cat-file -s a5be53d5f2dd6a3c10fad61eeab7d3944124b272 [1ms]
2025-06-10 01:17:52.181 [info] > git status -z -uall [224ms] (cancelled)
2025-06-10 01:17:52.199 [info] [Git][getRemotes] No remotes found in the git config file
2025-06-10 01:17:52.200 [info] > git config --get commit.template [9ms]
2025-06-10 01:17:52.201 [info] > git for-each-ref --format=%(refname)%00%(upstream:short)%00%(objectname)%00%(upstream:track)%00%(upstream:remotename)%00%(upstream:remoteref) refs/heads/master refs/remotes/master [2ms]
2025-06-10 01:17:52.201 [warning] [Git][getBranch] No such branch: master
2025-06-10 01:17:52.216 [info] > git for-each-ref --sort -committerdate --format %(refname)%00%(objectname)%00%(*objectname) [1ms]
2025-06-10 01:17:54.094 [info] > git status -z -uall [1885ms] (cancelled)
2025-06-10 01:18:00.779 [info] > git show --textconv :config.py [81ms]
2025-06-10 01:18:00.779 [info] > git ls-files --stage -- config.py [70ms]
2025-06-10 01:18:00.786 [info] > git cat-file -s 567b37427eff0114a55472a8eed5e76373271c18 [1ms]
2025-06-10 01:18:03.286 [info] > git show --textconv :keygenie_bot.py [16ms]
2025-06-10 01:18:03.302 [info] > git ls-files --stage -- keygenie_bot.py [17ms]
2025-06-10 01:18:03.317 [info] > git cat-file -s a5be53d5f2dd6a3c10fad61eeab7d3944124b272 [3ms]
2025-06-10 01:19:27.078 [info] > git show --textconv :payment_verification_cron.py [15ms]
2025-06-10 01:19:27.093 [info] > git ls-files --stage -- payment_verification_cron.py [15ms]
2025-06-10 01:19:27.107 [info] > git cat-file -s be6756a3345b0b942bd6d942c0602256dd8eccbb [3ms]
2025-06-10 01:19:27.777 [info] > git show --textconv :payment_verification_cron.log [19ms]
2025-06-10 01:19:27.793 [info] > git ls-files --stage -- payment_verification_cron.log [20ms]
2025-06-10 01:19:27.805 [info] > git cat-file -s e69de29bb2d1d6434b8b29ae775ad8c2e48c5391 [3ms]
2025-06-10 01:19:29.050 [info] > git show --textconv :test_keygenie_bot.py [20ms]
2025-06-10 01:19:29.061 [info] > git ls-files --stage -- test_keygenie_bot.py [20ms]
2025-06-10 01:19:29.072 [info] > git cat-file -s 33d1760beb811b423bb7dd3c6c5a3d4b4837d899 [1ms]
2025-06-10 01:21:19.424 [info] > git show --textconv :config.py [18ms]
2025-06-10 01:21:19.445 [info] > git ls-files --stage -- config.py [22ms]
2025-06-10 01:21:19.464 [info] > git cat-file -s 567b37427eff0114a55472a8eed5e76373271c18 [4ms]
2025-06-10 01:21:20.810 [info] > git show --textconv :keygenie_bot.py [22ms]
2025-06-10 01:21:20.821 [info] > git ls-files --stage -- keygenie_bot.py [18ms]
2025-06-10 01:21:20.832 [info] > git cat-file -s a5be53d5f2dd6a3c10fad61eeab7d3944124b272 [1ms]
2025-06-10 01:21:23.001 [info] > git show --textconv :test_keygenie_bot.py [19ms]
2025-06-10 01:21:23.014 [info] > git ls-files --stage -- test_keygenie_bot.py [15ms]
2025-06-10 01:21:23.077 [info] > git cat-file -s 33d1760beb811b423bb7dd3c6c5a3d4b4837d899 [53ms]
