2025-06-10 01:34:24.484 [info] [Info  - 1:34:24 AM] (3232) Server root directory: file:///home/ubuntu/.vscode-server/extensions/ms-python.vscode-pylance-2025.5.1/dist
2025-06-10 01:34:24.537 [info] [Info  - 1:34:24 AM] (3232) Pylance language server 2025.5.1 (pyright version 1.1.400, commit b962ffc2) starting
2025-06-10 01:34:24.538 [info] [Info  - 1:34:24 AM] (3232) Starting service instance "ubuntu" for workspace "/home/ubuntu"
2025-06-10 01:34:24.726 [info] [Info  - 1:34:24 AM] (3232) Setting environmentName for service "ubuntu": "3.10.12 (.venv venv)"
2025-06-10 01:34:24.727 [info] [Info  - 1:34:24 AM] (3232) Setting pythonPath for service "ubuntu": "/home/ubuntu/.venv/bin/python"
2025-06-10 01:34:24.729 [info] [Info  - 1:34:24 AM] (3232) No include entries specified; assuming /home/ubuntu
2025-06-10 01:34:24.729 [info] [Info  - 1:34:24 AM] (3232) Auto-excluding **/node_modules
2025-06-10 01:34:24.729 [info] [Info  - 1:34:24 AM] (3232) Auto-excluding **/__pycache__
2025-06-10 01:34:24.730 [info] [Info  - 1:34:24 AM] (3232) Auto-excluding **/.*
2025-06-10 01:34:24.774 [info] [Info  - 1:34:24 AM] (3232) Assuming Python version 3.10.12.final.0
2025-06-10 01:34:24.889 [info] [Info  - 1:34:24 AM] (3232) Found 4 source files
2025-06-10 01:34:24.927 [info] [Info  - 1:34:24 AM] (3232) Setting environmentName for service "ubuntu": "3.10.12 (.venv venv)"
2025-06-10 01:34:24.927 [info] [Info  - 1:34:24 AM] (3232) Setting pythonPath for service "ubuntu": "/home/ubuntu/.venv/bin/python"
2025-06-10 01:34:24.927 [info] [Info  - 1:34:24 AM] (3232) No include entries specified; assuming /home/ubuntu
2025-06-10 01:34:24.927 [info] [Info  - 1:34:24 AM] (3232) Auto-excluding **/node_modules
2025-06-10 01:34:24.928 [info] [Info  - 1:34:24 AM] (3232) Auto-excluding **/__pycache__
2025-06-10 01:34:24.928 [info] [Info  - 1:34:24 AM] (3232) Auto-excluding **/.*
2025-06-10 01:34:24.959 [info] [Info  - 1:34:24 AM] (3232) Assuming Python version 3.10.12.final.0
2025-06-10 01:34:25.056 [info] [Info  - 1:34:25 AM] (3232) Found 4 source files
2025-06-10 01:34:25.660 [info] [Info  - 1:34:25 AM] (3232) BG: Priority queue background worker(2) root directory: file:///home/ubuntu/.vscode-server/extensions/ms-python.vscode-pylance-2025.5.1/dist
2025-06-10 01:34:25.661 [info] [Info  - 1:34:25 AM] (3232) BG: Priority queue background worker(2) started
2025-06-10 01:34:25.808 [info] [Info  - 1:34:25 AM] (3232) BG: Indexer background runner(3) root directory: file:///home/ubuntu/.vscode-server/extensions/ms-python.vscode-pylance-2025.5.1/dist (index)
2025-06-10 01:34:25.808 [info] [Info  - 1:34:25 AM] (3232) BG: Indexing(3) started
2025-06-10 01:34:27.842 [info] [Info  - 1:34:27 AM] (3232) BG: scanned(3) 17 files over 1 exec env
2025-06-10 01:34:27.844 [info] [Info  - 1:34:27 AM] (3232) BG: indexed(3) 17 files over 1 exec env
2025-06-10 01:34:27.844 [info] [Info  - 1:34:27 AM] (3232) BG: Indexing finished(3).
2025-06-10 01:34:36.587 [info] (Client) The existing extension didn't exit within 10 seconds. New instance will start, but you might encounter issues.
2025-06-10 01:34:36.588 [info] (Client) Pylance async client (2025.5.1) started with python extension (2025.6.1)
2025-06-10 01:41:34.019 [info] [Info  - 1:41:34 AM] (3232) Found 5 source files
2025-06-10 01:42:12.894 [info] [Info  - 1:42:12 AM] (3232) Found 6 source files
2025-06-10 01:42:35.493 [info] [Info  - 1:42:35 AM] (3232) Found 7 source files
2025-06-10 01:47:53.013 [info] [Info  - 1:47:53 AM] (3232) Found 8 source files
2025-06-10 01:48:09.284 [info] [Info  - 1:48:09 AM] (3232) Found 8 source files
2025-06-10 01:48:09.610 [info] [Info  - 1:48:09 AM] (3232) Found 8 source files
2025-06-10 01:52:56.534 [info] [Info  - 1:52:56 AM] (3232) BG: Indexer background runner(4) root directory: file:///home/ubuntu/.vscode-server/extensions/ms-python.vscode-pylance-2025.5.1/dist (refresh)
2025-06-10 01:52:56.534 [info] [Info  - 1:52:56 AM] (3232) BG: Indexing(4) started
2025-06-10 01:52:57.001 [info] [Info  - 1:52:57 AM] (3232) BG: scanned(4) 26 files over 1 exec env
2025-06-10 01:52:57.938 [info] [Info  - 1:52:57 AM] (3232) BG: indexed(4) 26 files over 1 exec env
2025-06-10 01:52:57.983 [info] [Info  - 1:52:57 AM] (3232) BG: Indexing finished(4).
2025-06-10 01:54:55.226 [info] [Info  - 1:54:55 AM] (3232) BG: Indexer background runner(5) root directory: file:///home/ubuntu/.vscode-server/extensions/ms-python.vscode-pylance-2025.5.1/dist (refresh)
2025-06-10 01:54:55.226 [info] [Info  - 1:54:55 AM] (3232) BG: Indexing(5) started
2025-06-10 01:54:55.683 [info] [Info  - 1:54:55 AM] (3232) BG: scanned(5) 30 files over 1 exec env
2025-06-10 01:54:56.566 [info] [Info  - 1:54:56 AM] (3232) BG: indexed(5) 30 files over 1 exec env
2025-06-10 01:54:56.604 [info] [Info  - 1:54:56 AM] (3232) BG: Indexing finished(5).
