2025-06-10 01:34:19.172 [info] Experiment 'pythonRecommendTensorboardExt' is active
2025-06-10 01:34:19.172 [info] Experiment 'pythonTerminalEnvVarActivation' is active
2025-06-10 01:34:19.172 [info] Native locator: Refresh started
2025-06-10 01:34:19.172 [info] Conda environment manager found at: /opt/miniconda/bin/conda
2025-06-10 01:34:19.172 [info] Using conda: /opt/miniconda/bin/conda
2025-06-10 01:34:19.172 [info] Native locator: Refresh finished in 243 ms
2025-06-10 01:34:19.172 [info] Native locator: Refresh started
2025-06-10 01:34:19.226 [info] > pyenv which python
2025-06-10 01:34:19.226 [info] cwd: .
2025-06-10 01:34:23.025 [info] Python interpreter path: ./.venv/bin/python
2025-06-10 01:34:23.270 [info] Conda environment manager found at: /opt/miniconda/bin/conda
2025-06-10 01:34:23.270 [info] Conda set to: /opt/miniconda/bin/conda
2025-06-10 01:34:23.279 [info] Native locator: Refresh finished in 6580 ms
2025-06-10 01:34:25.952 [info] > . ./.venv/bin/activate && echo 'e8b39361-0157-4923-80e1-22d70d46dee6' && python ./.vscode-server/extensions/ms-python.python-2025.6.1-linux-x64/python_files/printEnvVariables.py
2025-06-10 01:34:25.952 [info] shell: bash
2025-06-10 01:34:26.012 [info] > /bin/python ./.vscode-server/extensions/ms-python.python-2025.6.1-linux-x64/python_files/printEnvVariables.py
2025-06-10 01:34:26.012 [info] shell: bash
2025-06-10 01:34:27.709 [info] Setting environment variable VIRTUAL_ENV in collection to /home/ubuntu/.venv {"applyAtShellIntegration":true,"applyAtProcessCreation":true}
2025-06-10 01:34:27.710 [info] Setting environment variable VIRTUAL_ENV_PROMPT in collection to (.venv)  {"applyAtShellIntegration":true,"applyAtProcessCreation":true}
2025-06-10 01:34:27.710 [info] Prepending environment variable PS1 in collection with (.venv)  {"applyAtShellIntegration":true,"applyAtProcessCreation":false}
2025-06-10 01:34:27.710 [info] Prepending environment variable PATH in collection with /home/ubuntu/.vscode-server/extensions/ms-python.python-2025.6.1-linux-x64/python_files/deactivate/bash:/home/ubuntu/.venv/bin: {"applyAtShellIntegration":true,"applyAtProcessCreation":true}
2025-06-10 01:34:27.711 [info] Send text to terminal: /bin/python /home/ubuntu/.vscode-server/extensions/ms-python.python-2025.6.1-linux-x64/python_files/printEnvVariablesToFile.py /home/ubuntu/.vscode-server/extensions/ms-python.python-2025.6.1-linux-x64/python_files/deactivate/bash/envVars.txt
2025-06-10 01:34:36.590 [info] Starting Pylance language server.
2025-06-10 01:34:38.936 [info] Send text to terminal: /home/ubuntu/.venv/bin/python /home/ubuntu/keygenie_bot.py
2025-06-10 01:34:39.381 [info] CreateEnv Trigger - Skipping for /home/ubuntu/keygenie_bot.py
2025-06-10 01:42:00.858 [info] Discover tests for workspace name: ubuntu - uri: /home/ubuntu/keygenv1/payment_verification_cron.py
2025-06-10 01:42:29.885 [info] Discover tests for workspace name: ubuntu - uri: /home/ubuntu/keygenv1/config.py
2025-06-10 01:45:00.180 [info] Send text to terminal: /home/ubuntu/.venv/bin/python /home/ubuntu/keygenie_bot.py
2025-06-10 01:45:00.217 [info] Send text to terminal: /home/ubuntu/.venv/bin/python /home/ubuntu/keygenie_bot.py
2025-06-10 01:45:00.217 [info] Send text to terminal: /home/ubuntu/.venv/bin/python /home/ubuntu/keygenie_bot.py
2025-06-10 01:45:00.217 [info] Send text to terminal: /home/ubuntu/.venv/bin/python /home/ubuntu/keygenie_bot.py
2025-06-10 01:45:00.217 [info] Send text to terminal: /home/ubuntu/.venv/bin/python /home/ubuntu/keygenie_bot.py
2025-06-10 01:45:00.217 [info] Send text to terminal: /home/ubuntu/.venv/bin/python /home/ubuntu/keygenie_bot.py
2025-06-10 01:45:00.217 [info] Send text to terminal: /home/ubuntu/.venv/bin/python /home/ubuntu/keygenie_bot.py
2025-06-10 01:45:00.281 [info] Send text to terminal: /home/ubuntu/.venv/bin/python /home/ubuntu/keygenie_bot.py
2025-06-10 01:45:01.592 [info] Send text to terminal: /home/ubuntu/.venv/bin/python /home/ubuntu/keygenie_bot.py
2025-06-10 01:47:46.023 [info] Discover tests for workspace name: ubuntu - uri: /home/ubuntu/keygenv1/keygenie_bot.py
2025-06-10 01:48:08.842 [info] Discover tests for workspace name: ubuntu - uri: /home/ubuntu/keygenv1/test_keygenie_bot.py
2025-06-10 01:49:19.067 [info] Send text to terminal:  /usr/bin/env /home/ubuntu/.venv/bin/python /home/ubuntu/.vscode-server/extensions/ms-python.debugpy-2025.8.0-linux-x64/bundled/libs/debugpy/adapter/../../debugpy/launcher 41161 -- /home/ubuntu/keygenie_bot.py 
2025-06-10 01:51:03.579 [info] Discover tests for workspace name: ubuntu - uri: /home/ubuntu
2025-06-10 01:54:05.594 [info] Send text to terminal: /home/ubuntu/.venv/bin/python /home/ubuntu/test_keygenie_bot.py
2025-06-10 01:55:15.367 [info] Send text to terminal: /home/ubuntu/.venv/bin/python /home/ubuntu/keygenie_bot.py
