2025-06-10 01:34:19.171 [info] Starting Python Locator /home/ubuntu/.vscode-server/extensions/ms-python.python-2025.6.1-linux-x64/python-env-tools/bin/pet server
2025-06-10 01:34:19.171 [info] Discovered env: /home/ubuntu/.venv/bin/python
2025-06-10 01:34:19.171 [info] Discovered env: /bin/python
2025-06-10 01:34:19.171 [info] Discovered env: /usr/bin/python
2025-06-10 01:34:19.171 [info] Discovered manager: (Conda) /opt/miniconda/bin/conda
2025-06-10 01:34:19.171 [info] Discovered env: /opt/miniconda/bin/python
2025-06-10 01:34:19.171 [info] Locator Conda took 141.134615ms
2025-06-10 01:34:19.171 [info] Locator Homebrew took 2.087307ms
2025-06-10 01:34:19.171 [info] Locator LinuxGlobal took 115.763457ms
2025-06-10 01:34:19.171 [info] Locator PipEnv took 94.652µs
2025-06-10 01:34:19.171 [info] Locator Pixi took 247.894µs
2025-06-10 01:34:19.171 [info] Locator Poetry took 2.032267ms
2025-06-10 01:34:19.171 [info] Locator PyEnv took 3.280801ms
2025-06-10 01:34:19.171 [info] Locator Venv took 141.404µs
2025-06-10 01:34:19.171 [info] Locator VirtualEnv took 96.056µs
2025-06-10 01:34:19.171 [info] Locator VirtualEnvWrapper took 409.347µs
2025-06-10 01:34:19.171 [info] Locator GlobalVirtualEnvs took 1.076498ms
2025-06-10 01:34:19.171 [info] Locator Locators took 142.474337ms
2025-06-10 01:34:19.171 [info] Locator Path took 168.037654ms
2025-06-10 01:34:19.171 [info] Locator Workspaces took 71.035349ms
2025-06-10 01:34:19.171 [info] Refresh completed in 168ms
2025-06-10 01:34:23.019 [info] Discovered env: /home/ubuntu/.venv/bin/python
2025-06-10 01:34:23.021 [info] Resolved Python Environment /home/ubuntu/.venv/bin/python
2025-06-10 01:34:23.270 [info] Discovered manager: (Conda) /opt/miniconda/bin/conda
2025-06-10 01:34:23.277 [info] Discovered env: /opt/miniconda/bin/python
2025-06-10 01:34:23.277 [info] Discovered env: /bin/python
2025-06-10 01:34:23.277 [info] Discovered env: /usr/bin/python
2025-06-10 01:34:23.278 [info] Locator Conda took 108.343015ms
2025-06-10 01:34:23.278 [info] Locator Homebrew took 840.65µs
2025-06-10 01:34:23.278 [info] Locator LinuxGlobal took 114.887227ms
2025-06-10 01:34:23.278 [info] Locator PipEnv took 103.078µs
2025-06-10 01:34:23.278 [info] Locator Pixi took 148.41µs
2025-06-10 01:34:23.278 [info] Locator Poetry took 1.345065ms
2025-06-10 01:34:23.278 [info] Locator PyEnv took 330.075µs
2025-06-10 01:34:23.278 [info] Locator Venv took 794.995µs
2025-06-10 01:34:23.278 [info] Locator VirtualEnv took 442.236µs
2025-06-10 01:34:23.278 [info] Locator VirtualEnvWrapper took 83.59µs
2025-06-10 01:34:23.278 [info] Locator GlobalVirtualEnvs took 241.224µs
2025-06-10 01:34:23.278 [info] Locator Locators took 122.014342ms
2025-06-10 01:34:23.278 [info] Locator Path took 165.119699ms
2025-06-10 01:34:23.278 [info] Locator Workspaces took 37.715174ms
2025-06-10 01:34:23.278 [info] Refresh completed in 165ms
2025-06-10 01:34:49.475 [info] Resolved Python Environment /home/ubuntu/.venv/bin/python
