2025-06-10 01:17:49.715 [info] Starting Python Locator /home/ubuntu/.vscode-server/extensions/ms-python.python-2025.6.1-linux-x64/python-env-tools/bin/pet server
2025-06-10 01:17:49.715 [info] Discovered env: /bin/python
2025-06-10 01:17:49.715 [info] Discovered env: /usr/bin/python
2025-06-10 01:17:49.716 [info] Discovered manager: (Conda) /opt/miniconda/bin/conda
2025-06-10 01:17:49.716 [info] Discovered env: /opt/miniconda/bin/python
2025-06-10 01:17:49.716 [info] Locator Conda took 118.052144ms
2025-06-10 01:17:49.716 [info] Locator Homebrew took 195.98µs
2025-06-10 01:17:49.716 [info] Locator LinuxGlobal took 112.53166ms
2025-06-10 01:17:49.716 [info] Locator PipEnv took 65.547µs
2025-06-10 01:17:49.716 [info] Locator Pixi took 92.263µs
2025-06-10 01:17:49.716 [info] Locator Poetry took 305.262µs
2025-06-10 01:17:49.716 [info] Locator PyEnv took 689.691µs
2025-06-10 01:17:49.716 [info] Locator Venv took 42.782µs
2025-06-10 01:17:49.716 [info] Locator VirtualEnv took 43.128µs
2025-06-10 01:17:49.716 [info] Locator VirtualEnvWrapper took 44.768µs
2025-06-10 01:17:49.716 [info] Locator GlobalVirtualEnvs took 814.375µs
2025-06-10 01:17:49.716 [info] Locator Locators took 119.784309ms
2025-06-10 01:17:49.716 [info] Locator Path took 163.562352ms
2025-06-10 01:17:49.716 [info] Locator Workspaces took 10.154318ms
2025-06-10 01:17:49.716 [info] Refresh completed in 163ms
2025-06-10 01:17:52.027 [info] Discovered manager: (Conda) /opt/miniconda/bin/conda
2025-06-10 01:17:52.048 [info] Discovered env: /opt/miniconda/bin/python
2025-06-10 01:17:52.053 [info] Discovered env: /bin/python
2025-06-10 01:17:52.053 [info] Discovered env: /usr/bin/python
2025-06-10 01:17:52.054 [info] Resolved Python Environment /usr/bin/python
2025-06-10 01:17:52.055 [info] Locator Conda took 141.599664ms
2025-06-10 01:17:52.055 [info] Locator Homebrew took 145.477µs
2025-06-10 01:17:52.055 [info] Locator LinuxGlobal took 140.520122ms
2025-06-10 01:17:52.055 [info] Locator PipEnv took 82.701µs
2025-06-10 01:17:52.055 [info] Locator Pixi took 487.181µs
2025-06-10 01:17:52.055 [info] Locator Poetry took 601.752µs
2025-06-10 01:17:52.055 [info] Locator PyEnv took 729.372µs
2025-06-10 01:17:52.055 [info] Locator Venv took 64.313µs
2025-06-10 01:17:52.055 [info] Locator VirtualEnv took 60.339µs
2025-06-10 01:17:52.055 [info] Locator VirtualEnvWrapper took 71.215µs
2025-06-10 01:17:52.055 [info] Locator GlobalVirtualEnvs took 604.023µs
2025-06-10 01:17:52.055 [info] Locator Locators took 146.282223ms
2025-06-10 01:17:52.055 [info] Locator Path took 175.938529ms
2025-06-10 01:17:52.055 [info] Locator Workspaces took 14.249651ms
2025-06-10 01:17:52.055 [info] Refresh completed in 176ms
2025-06-10 01:17:52.056 [info] Resolved Python Environment /bin/python
2025-06-10 01:19:26.618 [info] Resolved Python Environment /bin/python
2025-06-10 01:20:02.538 [info] Resolved Python Environment /bin/python
2025-06-10 01:21:18.963 [info] Resolved Python Environment /bin/python
