2025-06-10 00:28:41.816 [info] [Info  - 12:28:41 AM] (3168) Server root directory: file:///home/ubuntu/.vscode-server/extensions/ms-python.vscode-pylance-2025.5.1/dist
2025-06-10 00:28:41.820 [info] [Info  - 12:28:41 AM] (3168) Pylance language server 2025.5.1 (pyright version 1.1.400, commit b962ffc2) starting
2025-06-10 00:28:41.821 [info] [Info  - 12:28:41 AM] (3168) Starting service instance "ubuntu" for workspace "/home/ubuntu"
2025-06-10 00:28:41.888 [info] [Info  - 12:28:41 AM] (3168) Setting environmentName for service "ubuntu": "3.10.12 (global)"
2025-06-10 00:28:41.888 [info] [Info  - 12:28:41 AM] (3168) Setting pythonPath for service "ubuntu": "/usr/bin/python"
2025-06-10 00:28:41.900 [info] [Info  - 12:28:41 AM] (3168) No include entries specified; assuming /home/ubuntu
2025-06-10 00:28:41.900 [info] [Info  - 12:28:41 AM] (3168) Auto-excluding **/node_modules
2025-06-10 00:28:41.900 [info] [Info  - 12:28:41 AM] (3168) Auto-excluding **/__pycache__
2025-06-10 00:28:41.900 [info] [Info  - 12:28:41 AM] (3168) Auto-excluding **/.*
2025-06-10 00:28:41.944 [info] [Info  - 12:28:41 AM] (3168) Assuming Python version 3.10.12.final.0
2025-06-10 00:28:42.078 [info] [Info  - 12:28:42 AM] (3168) Found 4 source files
2025-06-10 00:28:42.102 [info] [Info  - 12:28:42 AM] (3168) Setting environmentName for service "ubuntu": "3.10.12 (global)"
2025-06-10 00:28:42.102 [info] [Info  - 12:28:42 AM] (3168) Setting pythonPath for service "ubuntu": "/usr/bin/python"
2025-06-10 00:28:42.103 [info] [Info  - 12:28:42 AM] (3168) No include entries specified; assuming /home/ubuntu
2025-06-10 00:28:42.103 [info] [Info  - 12:28:42 AM] (3168) Auto-excluding **/node_modules
2025-06-10 00:28:42.103 [info] [Info  - 12:28:42 AM] (3168) Auto-excluding **/__pycache__
2025-06-10 00:28:42.103 [info] [Info  - 12:28:42 AM] (3168) Auto-excluding **/.*
2025-06-10 00:28:42.153 [info] [Info  - 12:28:42 AM] (3168) Assuming Python version 3.10.12.final.0
2025-06-10 00:28:42.255 [info] [Info  - 12:28:42 AM] (3168) Found 4 source files
2025-06-10 00:28:42.974 [info] [Info  - 12:28:42 AM] (3168) BG: Priority queue background worker(2) root directory: file:///home/ubuntu/.vscode-server/extensions/ms-python.vscode-pylance-2025.5.1/dist
2025-06-10 00:28:42.987 [info] [Info  - 12:28:42 AM] (3168) BG: Priority queue background worker(2) started
2025-06-10 00:28:43.117 [info] [Info  - 12:28:43 AM] (3168) BG: Indexer background runner(3) root directory: file:///home/ubuntu/.vscode-server/extensions/ms-python.vscode-pylance-2025.5.1/dist (index)
2025-06-10 00:28:43.117 [info] [Info  - 12:28:43 AM] (3168) BG: Indexing(3) started
2025-06-10 00:28:44.966 [info] [Info  - 12:28:44 AM] (3168) BG: scanned(3) 327 files over 1 exec env
2025-06-10 00:28:45.575 [info] [Info  - 12:28:45 AM] (3168) BG: indexed(3) 327 files over 1 exec env
2025-06-10 00:28:45.602 [info] [Info  - 12:28:45 AM] (3168) BG: Indexing finished(3).
2025-06-10 00:28:53.019 [info] (Client) The existing extension didn't exit within 10 seconds. New instance will start, but you might encounter issues.
2025-06-10 00:28:53.020 [info] (Client) Pylance async client (2025.5.1) started with python extension (2025.6.1)
2025-06-10 01:16:51.596 [info] [Info  - 1:16:51 AM] (3168) Setting environmentName for service "ubuntu": "3.10.12 (global)"
2025-06-10 01:16:51.597 [info] [Info  - 1:16:51 AM] (3168) Setting pythonPath for service "ubuntu": "/usr/bin/python"
2025-06-10 01:16:51.597 [info] [Info  - 1:16:51 AM] (3168) No include entries specified; assuming /home/ubuntu
2025-06-10 01:16:51.598 [info] [Info  - 1:16:51 AM] (3168) Auto-excluding **/node_modules
2025-06-10 01:16:51.598 [info] [Info  - 1:16:51 AM] (3168) Auto-excluding **/__pycache__
2025-06-10 01:16:51.598 [info] [Info  - 1:16:51 AM] (3168) Auto-excluding **/.*
2025-06-10 01:16:51.657 [info] [Info  - 1:16:51 AM] (3168) Assuming Python version 3.10.12.final.0
2025-06-10 01:16:51.767 [info] [Info  - 1:16:51 AM] (3168) Found 4 source files
2025-06-10 01:16:52.463 [info] [Info  - 1:16:52 AM] (3168) BG: Indexer background runner(4) root directory: file:///home/ubuntu/.vscode-server/extensions/ms-python.vscode-pylance-2025.5.1/dist (index)
2025-06-10 01:16:52.463 [info] [Info  - 1:16:52 AM] (3168) BG: Indexing(4) started
2025-06-10 01:16:52.841 [info] [Info  - 1:16:52 AM] (3168) BG: scanned(4) 327 files over 1 exec env
2025-06-10 01:16:53.273 [info] [Info  - 1:16:53 AM] (3168) BG: indexed(4) 327 files over 1 exec env
2025-06-10 01:16:53.447 [info] [Info  - 1:16:53 AM] (3168) BG: Indexing finished(4).
