2025-06-10 00:28:35.892 [info] Experiment 'pythonRecommendTensorboardExt' is active
2025-06-10 00:28:35.892 [info] Experiment 'pythonTerminalEnvVarActivation' is active
2025-06-10 00:28:35.892 [info] Native locator: Refresh started
2025-06-10 00:28:35.892 [info] Conda environment manager found at: /opt/miniconda/bin/conda
2025-06-10 00:28:35.892 [info] Using conda: /opt/miniconda/bin/conda
2025-06-10 00:28:35.892 [info] Native locator: Refresh finished in 406 ms
2025-06-10 00:28:35.892 [info] Native locator: Refresh started
2025-06-10 00:28:35.892 [info] > pyenv which python
2025-06-10 00:28:35.892 [info] cwd: .
2025-06-10 00:28:40.220 [info] Conda environment manager found at: /opt/miniconda/bin/conda
2025-06-10 00:28:40.220 [info] Conda set to: /opt/miniconda/bin/conda
2025-06-10 00:28:40.245 [info] Python interpreter path: /bin/python
2025-06-10 00:28:40.248 [info] Native locator: Refresh finished in 6334 ms
2025-06-10 00:28:53.022 [info] Starting Pylance language server.
2025-06-10 00:28:53.258 [info] Send text to terminal: /usr/bin/python /home/ubuntu/keygenie_bot.py
2025-06-10 00:30:20.186 [info] Python interpreter path: /usr/bin/python
2025-06-10 00:33:19.130 [info] Discover tests for workspace name: ubuntu - uri: /home/ubuntu/config.py
2025-06-10 00:33:20.175 [info] Send text to terminal: /usr/bin/python /home/ubuntu/config.py
2025-06-10 00:35:16.309 [info] Discover tests for workspace name: ubuntu - uri: /home/ubuntu/keygenie_bot.py
2025-06-10 00:36:31.043 [info] Discover tests for workspace name: ubuntu - uri: /home/ubuntu/keygenie_bot.py
2025-06-10 00:37:08.737 [info] Discover tests for workspace name: ubuntu - uri: /home/ubuntu/keygenie_bot.py
2025-06-10 00:39:48.975 [info] Discover tests for workspace name: ubuntu - uri: /home/ubuntu/test_keygenie_bot.py
2025-06-10 00:41:08.752 [info] Discover tests for workspace name: ubuntu - uri: /home/ubuntu/test_keygenie_bot.py
2025-06-10 00:43:05.782 [info] Discover tests for workspace name: ubuntu - uri: /home/ubuntu/test_keygenie_bot.py
2025-06-10 00:44:33.354 [info] Discover tests for workspace name: ubuntu - uri: /home/ubuntu/keygenie_bot.py
2025-06-10 00:46:31.614 [info] Send text to terminal: /usr/bin/python /home/ubuntu/test_keygenie_bot.py
2025-06-10 00:47:53.518 [info] Discover tests for workspace name: ubuntu - uri: /home/ubuntu/keygenie_bot.py
2025-06-10 00:48:13.173 [info] Discover tests for workspace name: ubuntu - uri: /home/ubuntu/keygenie_bot.py
2025-06-10 00:48:30.437 [info] Discover tests for workspace name: ubuntu - uri: /home/ubuntu/keygenie_bot.py
2025-06-10 00:50:53.685 [info] Send text to terminal: /usr/bin/python /home/ubuntu/test_keygenie_bot.py
2025-06-10 00:51:06.668 [info] Send text to terminal: /usr/bin/python /home/ubuntu/keygenie_bot.py
2025-06-10 00:54:43.385 [info] Discover tests for workspace name: ubuntu - uri: /home/ubuntu/config.py
2025-06-10 00:55:18.918 [info] Discover tests for workspace name: ubuntu - uri: /home/ubuntu/config.py
2025-06-10 00:55:34.474 [info] Discover tests for workspace name: ubuntu - uri: /home/ubuntu/keygenie_bot.py
2025-06-10 00:59:54.455 [info] Discover tests for workspace name: ubuntu - uri: /home/ubuntu/keygenie_bot.py
2025-06-10 01:00:25.388 [info] Discover tests for workspace name: ubuntu - uri: /home/ubuntu/keygenie_bot.py
2025-06-10 01:01:50.511 [info] Discover tests for workspace name: ubuntu - uri: /home/ubuntu/keygenie_bot.py
2025-06-10 01:02:12.176 [info] Discover tests for workspace name: ubuntu - uri: /home/ubuntu/keygenie_bot.py
2025-06-10 01:02:36.811 [info] Discover tests for workspace name: ubuntu - uri: /home/ubuntu/keygenie_bot.py
2025-06-10 01:03:23.826 [info] Discover tests for workspace name: ubuntu - uri: /home/ubuntu/keygenie_bot.py
2025-06-10 01:03:45.638 [info] Discover tests for workspace name: ubuntu - uri: /home/ubuntu/keygenie_bot.py
2025-06-10 01:04:23.953 [info] Discover tests for workspace name: ubuntu - uri: /home/ubuntu/keygenie_bot.py
2025-06-10 01:04:44.012 [info] Discover tests for workspace name: ubuntu - uri: /home/ubuntu/keygenie_bot.py
2025-06-10 01:06:00.349 [info] Send text to terminal: /usr/bin/python /home/ubuntu/keygenie_bot.py
2025-06-10 01:16:45.121 [info] Discover tests for workspace name: ubuntu - uri: /home/ubuntu/keygenie_bot.py
2025-06-10 01:17:11.176 [info] Discover tests for workspace name: ubuntu - uri: /home/ubuntu
