   108.2ms (setup:727): 2025-03-11 21:03:40
   108.3ms (setup:728): /usr/bin/pipx inject jupyter-core notebook jupyterlab
   108.4ms (setup:729): pipx version is 1.0.0
   108.4ms (setup:730): Default python interpreter is '/usr/bin/python3'
   108.5ms (run_pipx_command:169): Virtual Environment location is /home/ubuntu/.local/pipx/venvs/jupyter-core
   108.9ms (needs_upgrade:69): Time since last upgrade of shared libs, in seconds: 1. Upgrade will be run by pipx if greater than 2592000.
   109.3ms (package_name_from_spec:323): Determined package name: notebook
   109.3ms (package_name_from_spec:324): Package name determined in 0.0s
   110.4ms (_parsed_package_to_package_or_url:128): cleaned package spec: notebook
   110.5ms (run_subprocess:172): running /home/ubuntu/.local/pipx/venvs/jupyter-core/bin/python -m pip install notebook
 13019.0ms (run_subprocess:188): returncode: 0
 13019.8ms (run_subprocess:172): running <fetch_info_in_venv commands>
 13049.0ms (run_subprocess:185): stdout: {"sys_path": ["/usr/lib/python310.zip", "/usr/lib/python3.10", "/usr/lib/python3.10/lib-dynload", "/home/ubuntu/.local/pipx/venvs/jupyter-core/lib/python3.10/site-packages", "/home/ubuntu/.local/pipx/shared/lib/python3.10/site-packages"], "python_version": "3.10.12", "environment": {"implementation_name": "cpython", "implementation_version": "3.10.12", "os_name": "posix", "platform_machine": "x86_64", "platform_release": "6.8.0-52-generic", "platform_system": "Linux", "platform_version": "#53~22.04.1-Ubuntu SMP PREEMPT_DYNAMIC Wed Jan 15 19:18:46 UTC 2", "python_full_version": "3.10.12", "platform_python_implementation": "CPython", "python_version": "3.10", "sys_platform": "linux"}}
 13049.1ms (run_subprocess:188): returncode: 0
 14898.8ms (get_venv_metadata_for_package:303): get_venv_metadata_for_package: 1879ms
 14899.1ms (_parsed_package_to_package_or_url:128): cleaned package spec: notebook
 14900.8ms (package_name_from_spec:323): Determined package name: jupyterlab
 14900.9ms (package_name_from_spec:324): Package name determined in 0.0s
 14901.4ms (_parsed_package_to_package_or_url:128): cleaned package spec: jupyterlab
 14901.6ms (run_subprocess:172): running /home/ubuntu/.local/pipx/venvs/jupyter-core/bin/python -m pip install jupyterlab
 15741.4ms (run_subprocess:188): returncode: 0
 15742.4ms (run_subprocess:172): running <fetch_info_in_venv commands>
 15770.6ms (run_subprocess:185): stdout: {"sys_path": ["/usr/lib/python310.zip", "/usr/lib/python3.10", "/usr/lib/python3.10/lib-dynload", "/home/ubuntu/.local/pipx/venvs/jupyter-core/lib/python3.10/site-packages", "/home/ubuntu/.local/pipx/shared/lib/python3.10/site-packages"], "python_version": "3.10.12", "environment": {"implementation_name": "cpython", "implementation_version": "3.10.12", "os_name": "posix", "platform_machine": "x86_64", "platform_release": "6.8.0-52-generic", "platform_system": "Linux", "platform_version": "#53~22.04.1-Ubuntu SMP PREEMPT_DYNAMIC Wed Jan 15 19:18:46 UTC 2", "python_full_version": "3.10.12", "platform_python_implementation": "CPython", "python_version": "3.10", "sys_platform": "linux"}}
 15770.7ms (run_subprocess:188): returncode: 0
 17586.1ms (get_venv_metadata_for_package:303): get_venv_metadata_for_package: 1844ms
 17586.3ms (_parsed_package_to_package_or_url:128): cleaned package spec: jupyterlab
 17587.4ms (cli:790): pipx finished.
