2025-06-09 22:28:12.173 [info] [main] Log level: Info
2025-06-09 22:28:12.173 [info] [main] Validating found git in: "git"
2025-06-09 22:28:12.173 [info] [main] Using git "2.34.1" from "git"
2025-06-09 22:28:12.173 [info] [Model][doInitialScan] Initial repository scan started
2025-06-09 22:28:12.173 [info] > git rev-parse --show-toplevel [11ms]
2025-06-09 22:28:12.173 [info] fatal: not a git repository (or any of the parent directories): .git
2025-06-09 22:28:12.173 [info] > git rev-parse --show-toplevel [6ms]
2025-06-09 22:28:12.173 [info] fatal: not a git repository (or any of the parent directories): .git
2025-06-09 22:28:12.173 [info] > git rev-parse --show-toplevel [1ms]
2025-06-09 22:28:12.173 [info] fatal: not a git repository (or any of the parent directories): .git
2025-06-09 22:28:12.173 [info] > git rev-parse --show-toplevel [1ms]
2025-06-09 22:28:12.173 [info] fatal: not a git repository (or any of the parent directories): .git
2025-06-09 22:28:12.173 [info] > git rev-parse --show-toplevel [3ms]
2025-06-09 22:28:12.173 [info] fatal: not a git repository (or any of the parent directories): .git
2025-06-09 22:28:12.173 [info] > git rev-parse --show-toplevel [2ms]
2025-06-09 22:28:12.173 [info] fatal: not a git repository (or any of the parent directories): .git
2025-06-09 22:28:12.173 [info] > git rev-parse --show-toplevel [2ms]
2025-06-09 22:28:12.173 [info] fatal: not a git repository (or any of the parent directories): .git
2025-06-09 22:28:12.173 [info] > git rev-parse --show-toplevel [3ms]
2025-06-09 22:28:12.173 [info] fatal: not a git repository (or any of the parent directories): .git
2025-06-09 22:28:12.173 [info] > git rev-parse --show-toplevel [1ms]
2025-06-09 22:28:12.173 [info] fatal: not a git repository (or any of the parent directories): .git
2025-06-09 22:28:12.173 [info] [Model][doInitialScan] Initial repository scan completed - repositories (0), closed repositories (0), parent repositories (0), unsafe repositories (0)
2025-06-09 22:28:31.167 [info] > git rev-parse --show-toplevel [2ms]
2025-06-09 22:28:31.167 [info] fatal: not a git repository (or any of the parent directories): .git
2025-06-09 22:28:33.236 [info] > git rev-parse --show-toplevel [4ms]
2025-06-09 22:28:33.236 [info] fatal: not a git repository (or any of the parent directories): .git
2025-06-09 22:28:35.991 [warning] [Model][getRepositoryExact] Failed to get repository realpath for: "/home/ubuntu/.vscode-server/extensions/.6a7b7680-3033-4cd5-9a0b-8d0755997d0e/node_modules/qs/". Error:Error: ENOENT: no such file or directory, realpath '/home/ubuntu/.vscode-server/extensions/.6a7b7680-3033-4cd5-9a0b-8d0755997d0e/node_modules/qs/'
2025-06-09 22:28:36.008 [warning] [Model][getRepositoryExact] Failed to get repository realpath for: "/home/ubuntu/.vscode-server/extensions/.6a7b7680-3033-4cd5-9a0b-8d0755997d0e/node_modules/undici/lib/llhttp/". Error:Error: ENOENT: no such file or directory, realpath '/home/ubuntu/.vscode-server/extensions/.6a7b7680-3033-4cd5-9a0b-8d0755997d0e/node_modules/undici/lib/llhttp/'
2025-06-09 22:28:36.018 [warning] [Model][getRepositoryExact] Failed to get repository realpath for: "/home/ubuntu/.vscode-server/extensions/.6a7b7680-3033-4cd5-9a0b-8d0755997d0e/node_modules/balanced-match/". Error:Error: ENOENT: no such file or directory, realpath '/home/ubuntu/.vscode-server/extensions/.6a7b7680-3033-4cd5-9a0b-8d0755997d0e/node_modules/balanced-match/'
2025-06-09 22:28:36.027 [warning] [Model][getRepositoryExact] Failed to get repository realpath for: "/home/ubuntu/.vscode-server/extensions/.6a7b7680-3033-4cd5-9a0b-8d0755997d0e/node_modules/call-bind/". Error:Error: ENOENT: no such file or directory, realpath '/home/ubuntu/.vscode-server/extensions/.6a7b7680-3033-4cd5-9a0b-8d0755997d0e/node_modules/call-bind/'
2025-06-09 22:28:36.036 [warning] [Model][getRepositoryExact] Failed to get repository realpath for: "/home/ubuntu/.vscode-server/extensions/.6a7b7680-3033-4cd5-9a0b-8d0755997d0e/node_modules/es-define-property/". Error:Error: ENOENT: no such file or directory, realpath '/home/ubuntu/.vscode-server/extensions/.6a7b7680-3033-4cd5-9a0b-8d0755997d0e/node_modules/es-define-property/'
2025-06-09 22:28:36.045 [warning] [Model][getRepositoryExact] Failed to get repository realpath for: "/home/ubuntu/.vscode-server/extensions/.6a7b7680-3033-4cd5-9a0b-8d0755997d0e/node_modules/es-errors/". Error:Error: ENOENT: no such file or directory, realpath '/home/ubuntu/.vscode-server/extensions/.6a7b7680-3033-4cd5-9a0b-8d0755997d0e/node_modules/es-errors/'
2025-06-09 22:28:36.055 [warning] [Model][getRepositoryExact] Failed to get repository realpath for: "/home/ubuntu/.vscode-server/extensions/.6a7b7680-3033-4cd5-9a0b-8d0755997d0e/node_modules/function-bind/". Error:Error: ENOENT: no such file or directory, realpath '/home/ubuntu/.vscode-server/extensions/.6a7b7680-3033-4cd5-9a0b-8d0755997d0e/node_modules/function-bind/'
2025-06-09 22:28:36.064 [warning] [Model][getRepositoryExact] Failed to get repository realpath for: "/home/ubuntu/.vscode-server/extensions/.6a7b7680-3033-4cd5-9a0b-8d0755997d0e/node_modules/get-intrinsic/". Error:Error: ENOENT: no such file or directory, realpath '/home/ubuntu/.vscode-server/extensions/.6a7b7680-3033-4cd5-9a0b-8d0755997d0e/node_modules/get-intrinsic/'
2025-06-09 22:28:36.074 [warning] [Model][getRepositoryExact] Failed to get repository realpath for: "/home/ubuntu/.vscode-server/extensions/.6a7b7680-3033-4cd5-9a0b-8d0755997d0e/node_modules/has-proto/". Error:Error: ENOENT: no such file or directory, realpath '/home/ubuntu/.vscode-server/extensions/.6a7b7680-3033-4cd5-9a0b-8d0755997d0e/node_modules/has-proto/'
2025-06-09 22:28:36.084 [warning] [Model][getRepositoryExact] Failed to get repository realpath for: "/home/ubuntu/.vscode-server/extensions/.6a7b7680-3033-4cd5-9a0b-8d0755997d0e/node_modules/has-symbols/". Error:Error: ENOENT: no such file or directory, realpath '/home/ubuntu/.vscode-server/extensions/.6a7b7680-3033-4cd5-9a0b-8d0755997d0e/node_modules/has-symbols/'
2025-06-09 22:28:36.091 [warning] [Model][getRepositoryExact] Failed to get repository realpath for: "/home/ubuntu/.vscode-server/extensions/.6a7b7680-3033-4cd5-9a0b-8d0755997d0e/node_modules/hasown/". Error:Error: ENOENT: no such file or directory, realpath '/home/ubuntu/.vscode-server/extensions/.6a7b7680-3033-4cd5-9a0b-8d0755997d0e/node_modules/hasown/'
2025-06-09 22:28:36.101 [warning] [Model][getRepositoryExact] Failed to get repository realpath for: "/home/ubuntu/.vscode-server/extensions/.6a7b7680-3033-4cd5-9a0b-8d0755997d0e/node_modules/iconv-lite/". Error:Error: ENOENT: no such file or directory, realpath '/home/ubuntu/.vscode-server/extensions/.6a7b7680-3033-4cd5-9a0b-8d0755997d0e/node_modules/iconv-lite/'
2025-06-09 22:28:36.110 [warning] [Model][getRepositoryExact] Failed to get repository realpath for: "/home/ubuntu/.vscode-server/extensions/.6a7b7680-3033-4cd5-9a0b-8d0755997d0e/node_modules/minimist/". Error:Error: ENOENT: no such file or directory, realpath '/home/ubuntu/.vscode-server/extensions/.6a7b7680-3033-4cd5-9a0b-8d0755997d0e/node_modules/minimist/'
2025-06-09 22:28:36.116 [warning] [Model][getRepositoryExact] Failed to get repository realpath for: "/home/ubuntu/.vscode-server/extensions/.6a7b7680-3033-4cd5-9a0b-8d0755997d0e/node_modules/minizlib/node_modules/brace-expansion/". Error:Error: ENOENT: no such file or directory, realpath '/home/ubuntu/.vscode-server/extensions/.6a7b7680-3033-4cd5-9a0b-8d0755997d0e/node_modules/minizlib/node_modules/brace-expansion/'
2025-06-09 22:28:36.125 [warning] [Model][getRepositoryExact] Failed to get repository realpath for: "/home/ubuntu/.vscode-server/extensions/.6a7b7680-3033-4cd5-9a0b-8d0755997d0e/node_modules/node-fetch/node_modules/tr46/lib/". Error:Error: ENOENT: no such file or directory, realpath '/home/ubuntu/.vscode-server/extensions/.6a7b7680-3033-4cd5-9a0b-8d0755997d0e/node_modules/node-fetch/node_modules/tr46/lib/'
2025-06-09 22:28:36.134 [warning] [Model][getRepositoryExact] Failed to get repository realpath for: "/home/ubuntu/.vscode-server/extensions/.6a7b7680-3033-4cd5-9a0b-8d0755997d0e/node_modules/object-inspect/". Error:Error: ENOENT: no such file or directory, realpath '/home/ubuntu/.vscode-server/extensions/.6a7b7680-3033-4cd5-9a0b-8d0755997d0e/node_modules/object-inspect/'
2025-06-09 22:28:36.144 [warning] [Model][getRepositoryExact] Failed to get repository realpath for: "/home/ubuntu/.vscode-server/extensions/.6a7b7680-3033-4cd5-9a0b-8d0755997d0e/node_modules/pump/". Error:Error: ENOENT: no such file or directory, realpath '/home/ubuntu/.vscode-server/extensions/.6a7b7680-3033-4cd5-9a0b-8d0755997d0e/node_modules/pump/'
2025-06-09 22:28:36.153 [warning] [Model][getRepositoryExact] Failed to get repository realpath for: "/home/ubuntu/.vscode-server/extensions/.6a7b7680-3033-4cd5-9a0b-8d0755997d0e/node_modules/set-function-length/". Error:Error: ENOENT: no such file or directory, realpath '/home/ubuntu/.vscode-server/extensions/.6a7b7680-3033-4cd5-9a0b-8d0755997d0e/node_modules/set-function-length/'
2025-06-09 22:28:36.159 [warning] [Model][getRepositoryExact] Failed to get repository realpath for: "/home/ubuntu/.vscode-server/extensions/.6a7b7680-3033-4cd5-9a0b-8d0755997d0e/node_modules/side-channel/". Error:Error: ENOENT: no such file or directory, realpath '/home/ubuntu/.vscode-server/extensions/.6a7b7680-3033-4cd5-9a0b-8d0755997d0e/node_modules/side-channel/'
2025-06-09 22:28:36.167 [warning] [Model][getRepositoryExact] Failed to get repository realpath for: "/home/ubuntu/.vscode-server/extensions/.6a7b7680-3033-4cd5-9a0b-8d0755997d0e/node_modules/simple-get/". Error:Error: ENOENT: no such file or directory, realpath '/home/ubuntu/.vscode-server/extensions/.6a7b7680-3033-4cd5-9a0b-8d0755997d0e/node_modules/simple-get/'
2025-06-09 22:28:36.173 [warning] [Model][getRepositoryExact] Failed to get repository realpath for: "/home/ubuntu/.vscode-server/extensions/.6a7b7680-3033-4cd5-9a0b-8d0755997d0e/node_modules/define-data-property/". Error:Error: ENOENT: no such file or directory, realpath '/home/ubuntu/.vscode-server/extensions/.6a7b7680-3033-4cd5-9a0b-8d0755997d0e/node_modules/define-data-property/'
2025-06-09 22:28:36.182 [warning] [Model][getRepositoryExact] Failed to get repository realpath for: "/home/ubuntu/.vscode-server/extensions/.6a7b7680-3033-4cd5-9a0b-8d0755997d0e/node_modules/gopd/". Error:Error: ENOENT: no such file or directory, realpath '/home/ubuntu/.vscode-server/extensions/.6a7b7680-3033-4cd5-9a0b-8d0755997d0e/node_modules/gopd/'
2025-06-09 22:28:36.190 [warning] [Model][getRepositoryExact] Failed to get repository realpath for: "/home/ubuntu/.vscode-server/extensions/.6a7b7680-3033-4cd5-9a0b-8d0755997d0e/node_modules/has-property-descriptors/". Error:Error: ENOENT: no such file or directory, realpath '/home/ubuntu/.vscode-server/extensions/.6a7b7680-3033-4cd5-9a0b-8d0755997d0e/node_modules/has-property-descriptors/'
2025-06-09 22:29:23.003 [info] > git rev-parse --show-toplevel [22ms]
2025-06-09 22:29:23.003 [info] fatal: not a git repository (or any of the parent directories): .git
2025-06-09 22:29:33.854 [info] > git rev-parse --show-toplevel [33ms]
2025-06-09 22:29:33.854 [info] fatal: not a git repository (or any of the parent directories): .git
2025-06-09 22:29:38.113 [warning] [Model][getRepositoryExact] Failed to get repository realpath for: "/home/ubuntu/.vscode-server/extensions/.16b023d0-d2b2-4e7e-be86-e35ff8ee0eda/bundled/libs/debugpy/_vendored/pydevd/_pydevd_frame_eval/". Error:Error: ENOENT: no such file or directory, realpath '/home/ubuntu/.vscode-server/extensions/.16b023d0-d2b2-4e7e-be86-e35ff8ee0eda/bundled/libs/debugpy/_vendored/pydevd/_pydevd_frame_eval/'
2025-06-09 22:29:41.619 [info] > git rev-parse --show-toplevel [25ms]
2025-06-09 22:29:41.619 [info] fatal: not a git repository (or any of the parent directories): .git
2025-06-09 22:29:41.652 [info] > git rev-parse --show-toplevel [20ms]
2025-06-09 22:29:41.652 [info] fatal: not a git repository (or any of the parent directories): .git
2025-06-09 22:29:51.953 [info] > git rev-parse --show-toplevel [3ms]
2025-06-09 22:29:51.953 [info] fatal: not a git repository (or any of the parent directories): .git
2025-06-09 22:30:05.569 [info] > git rev-parse --show-toplevel [3ms]
2025-06-09 22:30:05.569 [info] fatal: not a git repository (or any of the parent directories): .git
2025-06-09 22:30:20.164 [info] > git rev-parse --show-toplevel [7ms]
2025-06-09 22:30:20.164 [info] fatal: not a git repository (or any of the parent directories): .git
2025-06-09 22:30:20.177 [info] > git rev-parse --show-toplevel [3ms]
2025-06-09 22:30:20.177 [info] fatal: not a git repository (or any of the parent directories): .git
2025-06-09 22:32:43.772 [info] > git rev-parse --show-toplevel [4ms]
2025-06-09 22:32:43.772 [info] fatal: not a git repository (or any of the parent directories): .git
2025-06-09 22:32:44.562 [info] > git rev-parse --show-toplevel [4ms]
2025-06-09 22:32:44.562 [info] fatal: not a git repository (or any of the parent directories): .git
2025-06-09 22:32:48.732 [info] > git rev-parse --show-toplevel [3ms]
2025-06-09 22:32:48.732 [info] fatal: not a git repository (or any of the parent directories): .git
2025-06-09 22:32:48.749 [info] > git rev-parse --show-toplevel [7ms]
2025-06-09 22:32:48.749 [info] fatal: not a git repository (or any of the parent directories): .git
2025-06-09 22:34:39.263 [info] > git rev-parse --show-toplevel [10ms]
2025-06-09 22:34:39.263 [info] fatal: not a git repository (or any of the parent directories): .git
2025-06-09 22:34:47.083 [info] > git rev-parse --show-toplevel [3ms]
2025-06-09 22:34:47.083 [info] fatal: not a git repository (or any of the parent directories): .git
2025-06-09 22:34:47.112 [info] > git rev-parse --show-toplevel [2ms]
2025-06-09 22:34:47.112 [info] fatal: not a git repository (or any of the parent directories): .git
2025-06-09 22:34:54.965 [info] > git rev-parse --show-toplevel [5ms]
2025-06-09 22:34:54.965 [info] fatal: not a git repository (or any of the parent directories): .git
2025-06-09 22:35:30.721 [info] > git rev-parse --show-toplevel [2ms]
2025-06-09 22:35:30.721 [info] fatal: not a git repository (or any of the parent directories): .git
2025-06-09 22:35:30.735 [info] > git rev-parse --show-toplevel [2ms]
2025-06-09 22:35:30.735 [info] fatal: not a git repository (or any of the parent directories): .git
2025-06-09 22:35:37.212 [info] > git rev-parse --show-toplevel [4ms]
2025-06-09 22:35:37.212 [info] fatal: not a git repository (or any of the parent directories): .git
2025-06-09 22:35:37.966 [info] > git rev-parse --show-toplevel [5ms]
2025-06-09 22:35:37.966 [info] fatal: not a git repository (or any of the parent directories): .git
2025-06-09 22:35:54.237 [info] > git rev-parse --show-toplevel [2ms]
2025-06-09 22:35:54.237 [info] fatal: not a git repository (or any of the parent directories): .git
2025-06-09 22:35:54.254 [info] > git rev-parse --show-toplevel [3ms]
2025-06-09 22:35:54.254 [info] fatal: not a git repository (or any of the parent directories): .git
2025-06-09 22:36:08.671 [info] > git rev-parse --show-toplevel [3ms]
2025-06-09 22:36:08.671 [info] fatal: not a git repository (or any of the parent directories): .git
2025-06-09 22:36:09.427 [info] > git rev-parse --show-toplevel [5ms]
2025-06-09 22:36:09.427 [info] fatal: not a git repository (or any of the parent directories): .git
2025-06-09 22:36:22.182 [info] > git rev-parse --show-toplevel [2ms]
2025-06-09 22:36:22.182 [info] fatal: not a git repository (or any of the parent directories): .git
2025-06-09 22:36:22.199 [info] > git rev-parse --show-toplevel [4ms]
2025-06-09 22:36:22.199 [info] fatal: not a git repository (or any of the parent directories): .git
2025-06-09 22:36:29.290 [info] > git rev-parse --show-toplevel [4ms]
2025-06-09 22:36:29.290 [info] fatal: not a git repository (or any of the parent directories): .git
2025-06-09 22:36:30.072 [info] > git rev-parse --show-toplevel [3ms]
2025-06-09 22:36:30.072 [info] fatal: not a git repository (or any of the parent directories): .git
2025-06-09 22:36:44.399 [info] > git rev-parse --show-toplevel [5ms]
2025-06-09 22:36:44.399 [info] fatal: not a git repository (or any of the parent directories): .git
2025-06-09 22:36:44.419 [info] > git rev-parse --show-toplevel [4ms]
2025-06-09 22:36:44.419 [info] fatal: not a git repository (or any of the parent directories): .git
2025-06-09 22:38:28.414 [info] > git rev-parse --show-toplevel [3ms]
2025-06-09 22:38:28.414 [info] fatal: not a git repository (or any of the parent directories): .git
2025-06-09 22:38:51.945 [info] > git rev-parse --show-toplevel [3ms]
2025-06-09 22:38:51.945 [info] fatal: not a git repository (or any of the parent directories): .git
2025-06-09 22:38:55.637 [info] > git rev-parse --show-toplevel [4ms]
2025-06-09 22:38:55.637 [info] fatal: not a git repository (or any of the parent directories): .git
2025-06-09 22:38:55.655 [info] > git rev-parse --show-toplevel [7ms]
2025-06-09 22:38:55.655 [info] fatal: not a git repository (or any of the parent directories): .git
2025-06-09 22:39:03.471 [info] > git rev-parse --show-toplevel [3ms]
2025-06-09 22:39:03.471 [info] fatal: not a git repository (or any of the parent directories): .git
2025-06-09 22:39:04.196 [info] > git rev-parse --show-toplevel [2ms]
2025-06-09 22:39:04.196 [info] fatal: not a git repository (or any of the parent directories): .git
2025-06-09 22:39:10.416 [info] > git rev-parse --show-toplevel [3ms]
2025-06-09 22:39:10.416 [info] fatal: not a git repository (or any of the parent directories): .git
2025-06-09 22:39:10.432 [info] > git rev-parse --show-toplevel [2ms]
2025-06-09 22:39:10.432 [info] fatal: not a git repository (or any of the parent directories): .git
2025-06-09 22:39:17.052 [info] > git rev-parse --show-toplevel [3ms]
2025-06-09 22:39:17.052 [info] fatal: not a git repository (or any of the parent directories): .git
2025-06-09 22:39:17.744 [info] > git rev-parse --show-toplevel [5ms]
2025-06-09 22:39:17.744 [info] fatal: not a git repository (or any of the parent directories): .git
2025-06-09 22:39:29.713 [info] > git rev-parse --show-toplevel [3ms]
2025-06-09 22:39:29.713 [info] fatal: not a git repository (or any of the parent directories): .git
2025-06-09 22:39:29.728 [info] > git rev-parse --show-toplevel [2ms]
2025-06-09 22:39:29.728 [info] fatal: not a git repository (or any of the parent directories): .git
2025-06-09 22:39:35.910 [info] > git rev-parse --show-toplevel [3ms]
2025-06-09 22:39:35.911 [info] fatal: not a git repository (or any of the parent directories): .git
2025-06-09 22:39:36.631 [info] > git rev-parse --show-toplevel [3ms]
2025-06-09 22:39:36.631 [info] fatal: not a git repository (or any of the parent directories): .git
2025-06-09 22:39:51.012 [info] > git rev-parse --show-toplevel [7ms]
2025-06-09 22:39:51.012 [info] fatal: not a git repository (or any of the parent directories): .git
2025-06-09 22:39:51.028 [info] > git rev-parse --show-toplevel [2ms]
2025-06-09 22:39:51.028 [info] fatal: not a git repository (or any of the parent directories): .git
2025-06-09 22:39:56.770 [info] > git rev-parse --show-toplevel [9ms]
2025-06-09 22:39:56.770 [info] fatal: not a git repository (or any of the parent directories): .git
2025-06-09 22:39:57.510 [info] > git rev-parse --show-toplevel [11ms]
2025-06-09 22:39:57.510 [info] fatal: not a git repository (or any of the parent directories): .git
2025-06-09 22:40:02.352 [info] > git rev-parse --show-toplevel [2ms]
2025-06-09 22:40:02.352 [info] fatal: not a git repository (or any of the parent directories): .git
2025-06-09 22:40:02.368 [info] > git rev-parse --show-toplevel [3ms]
2025-06-09 22:40:02.368 [info] fatal: not a git repository (or any of the parent directories): .git
2025-06-09 22:40:08.002 [info] > git rev-parse --show-toplevel [4ms]
2025-06-09 22:40:08.003 [info] fatal: not a git repository (or any of the parent directories): .git
2025-06-09 22:40:08.736 [info] > git rev-parse --show-toplevel [4ms]
2025-06-09 22:40:08.736 [info] fatal: not a git repository (or any of the parent directories): .git
2025-06-09 22:40:14.714 [info] > git rev-parse --show-toplevel [3ms]
2025-06-09 22:40:14.714 [info] fatal: not a git repository (or any of the parent directories): .git
2025-06-09 22:40:14.728 [info] > git rev-parse --show-toplevel [2ms]
2025-06-09 22:40:14.728 [info] fatal: not a git repository (or any of the parent directories): .git
2025-06-09 22:40:21.534 [info] > git rev-parse --show-toplevel [4ms]
2025-06-09 22:40:21.534 [info] fatal: not a git repository (or any of the parent directories): .git
2025-06-09 22:40:22.296 [info] > git rev-parse --show-toplevel [3ms]
2025-06-09 22:40:22.296 [info] fatal: not a git repository (or any of the parent directories): .git
2025-06-09 22:40:30.083 [info] > git rev-parse --show-toplevel [2ms]
2025-06-09 22:40:30.083 [info] fatal: not a git repository (or any of the parent directories): .git
2025-06-09 22:40:30.100 [info] > git rev-parse --show-toplevel [3ms]
2025-06-09 22:40:30.100 [info] fatal: not a git repository (or any of the parent directories): .git
2025-06-09 22:40:36.452 [info] > git rev-parse --show-toplevel [3ms]
2025-06-09 22:40:36.452 [info] fatal: not a git repository (or any of the parent directories): .git
2025-06-09 22:40:37.214 [info] > git rev-parse --show-toplevel [6ms]
2025-06-09 22:40:37.214 [info] fatal: not a git repository (or any of the parent directories): .git
2025-06-09 22:40:47.547 [info] > git rev-parse --show-toplevel [3ms]
2025-06-09 22:40:47.547 [info] fatal: not a git repository (or any of the parent directories): .git
2025-06-09 22:40:47.562 [info] > git rev-parse --show-toplevel [2ms]
2025-06-09 22:40:47.562 [info] fatal: not a git repository (or any of the parent directories): .git
2025-06-09 22:40:55.340 [info] > git rev-parse --show-toplevel [3ms]
2025-06-09 22:40:55.341 [info] fatal: not a git repository (or any of the parent directories): .git
2025-06-09 22:40:56.047 [info] > git rev-parse --show-toplevel [2ms]
2025-06-09 22:40:56.047 [info] fatal: not a git repository (or any of the parent directories): .git
2025-06-09 22:41:02.103 [info] > git rev-parse --show-toplevel [3ms]
2025-06-09 22:41:02.103 [info] fatal: not a git repository (or any of the parent directories): .git
2025-06-09 22:41:02.118 [info] > git rev-parse --show-toplevel [2ms]
2025-06-09 22:41:02.118 [info] fatal: not a git repository (or any of the parent directories): .git
2025-06-09 22:41:08.135 [info] > git rev-parse --show-toplevel [3ms]
2025-06-09 22:41:08.135 [info] fatal: not a git repository (or any of the parent directories): .git
2025-06-09 22:41:08.848 [info] > git rev-parse --show-toplevel [3ms]
2025-06-09 22:41:08.848 [info] fatal: not a git repository (or any of the parent directories): .git
2025-06-09 22:41:15.472 [info] > git rev-parse --show-toplevel [2ms]
2025-06-09 22:41:15.472 [info] fatal: not a git repository (or any of the parent directories): .git
2025-06-09 22:41:15.488 [info] > git rev-parse --show-toplevel [3ms]
2025-06-09 22:41:15.488 [info] fatal: not a git repository (or any of the parent directories): .git
2025-06-09 22:41:21.614 [info] > git rev-parse --show-toplevel [3ms]
2025-06-09 22:41:21.614 [info] fatal: not a git repository (or any of the parent directories): .git
2025-06-09 22:41:22.321 [info] > git rev-parse --show-toplevel [5ms]
2025-06-09 22:41:22.321 [info] fatal: not a git repository (or any of the parent directories): .git
2025-06-09 22:41:31.758 [info] > git rev-parse --show-toplevel [3ms]
2025-06-09 22:41:31.758 [info] fatal: not a git repository (or any of the parent directories): .git
2025-06-09 22:41:31.774 [info] > git rev-parse --show-toplevel [1ms]
2025-06-09 22:41:31.774 [info] fatal: not a git repository (or any of the parent directories): .git
2025-06-09 22:41:38.430 [info] > git rev-parse --show-toplevel [4ms]
2025-06-09 22:41:38.430 [info] fatal: not a git repository (or any of the parent directories): .git
2025-06-09 22:41:39.175 [info] > git rev-parse --show-toplevel [3ms]
2025-06-09 22:41:39.175 [info] fatal: not a git repository (or any of the parent directories): .git
2025-06-09 22:41:49.378 [info] > git rev-parse --show-toplevel [3ms]
2025-06-09 22:41:49.378 [info] fatal: not a git repository (or any of the parent directories): .git
2025-06-09 22:41:49.394 [info] > git rev-parse --show-toplevel [2ms]
2025-06-09 22:41:49.394 [info] fatal: not a git repository (or any of the parent directories): .git
2025-06-09 22:50:37.102 [info] > git rev-parse --show-toplevel [10ms]
2025-06-09 22:50:37.102 [info] fatal: not a git repository (or any of the parent directories): .git
2025-06-09 22:50:47.600 [info] > git rev-parse --show-toplevel [3ms]
2025-06-09 22:50:47.600 [info] fatal: not a git repository (or any of the parent directories): .git
2025-06-09 22:50:47.615 [info] > git rev-parse --show-toplevel [2ms]
2025-06-09 22:50:47.615 [info] fatal: not a git repository (or any of the parent directories): .git
2025-06-09 22:51:21.455 [info] > git rev-parse --show-toplevel [11ms]
2025-06-09 22:51:21.455 [info] fatal: not a git repository (or any of the parent directories): .git
2025-06-09 22:51:49.692 [info] > git rev-parse --show-toplevel [2ms]
2025-06-09 22:51:49.693 [info] fatal: not a git repository (or any of the parent directories): .git
2025-06-09 22:51:49.706 [info] > git rev-parse --show-toplevel [2ms]
2025-06-09 22:51:49.706 [info] fatal: not a git repository (or any of the parent directories): .git
2025-06-09 22:51:59.470 [info] > git rev-parse --show-toplevel [14ms]
2025-06-09 22:51:59.470 [info] fatal: not a git repository (or any of the parent directories): .git
2025-06-09 22:52:00.194 [info] > git rev-parse --show-toplevel [7ms]
2025-06-09 22:52:00.194 [info] fatal: not a git repository (or any of the parent directories): .git
2025-06-09 22:52:40.802 [info] > git rev-parse --show-toplevel [3ms]
2025-06-09 22:52:40.802 [info] fatal: not a git repository (or any of the parent directories): .git
2025-06-09 22:52:40.819 [info] > git rev-parse --show-toplevel [3ms]
2025-06-09 22:52:40.819 [info] fatal: not a git repository (or any of the parent directories): .git
2025-06-09 22:52:50.491 [info] > git rev-parse --show-toplevel [2ms]
2025-06-09 22:52:50.491 [info] fatal: not a git repository (or any of the parent directories): .git
2025-06-09 22:53:14.880 [info] > git rev-parse --show-toplevel [3ms]
2025-06-09 22:53:14.880 [info] fatal: not a git repository (or any of the parent directories): .git
2025-06-09 22:53:14.897 [info] > git rev-parse --show-toplevel [2ms]
2025-06-09 22:53:14.897 [info] fatal: not a git repository (or any of the parent directories): .git
2025-06-09 22:55:17.859 [info] > git rev-parse --show-toplevel [17ms]
2025-06-09 22:55:17.859 [info] fatal: not a git repository (or any of the parent directories): .git
2025-06-09 22:55:24.387 [info] > git rev-parse --show-toplevel [3ms]
2025-06-09 22:55:24.387 [info] fatal: not a git repository (or any of the parent directories): .git
2025-06-09 22:55:24.404 [info] > git rev-parse --show-toplevel [2ms]
2025-06-09 22:55:24.404 [info] fatal: not a git repository (or any of the parent directories): .git
2025-06-09 22:57:37.377 [info] > git rev-parse --show-toplevel [2ms]
2025-06-09 22:57:37.377 [info] fatal: not a git repository (or any of the parent directories): .git
2025-06-09 22:57:43.754 [info] > git rev-parse --show-toplevel [2ms]
2025-06-09 22:57:43.754 [info] fatal: not a git repository (or any of the parent directories): .git
2025-06-09 22:57:43.771 [info] > git rev-parse --show-toplevel [3ms]
2025-06-09 22:57:43.771 [info] fatal: not a git repository (or any of the parent directories): .git
2025-06-09 22:58:26.244 [info] > git rev-parse --show-toplevel [11ms]
2025-06-09 22:58:26.244 [info] fatal: not a git repository (or any of the parent directories): .git
2025-06-09 22:58:27.003 [info] > git rev-parse --show-toplevel [3ms]
2025-06-09 22:58:27.003 [info] fatal: not a git repository (or any of the parent directories): .git
2025-06-09 22:58:33.340 [info] > git rev-parse --show-toplevel [3ms]
2025-06-09 22:58:33.340 [info] fatal: not a git repository (or any of the parent directories): .git
2025-06-09 22:58:33.357 [info] > git rev-parse --show-toplevel [3ms]
2025-06-09 22:58:33.357 [info] fatal: not a git repository (or any of the parent directories): .git
2025-06-09 22:59:38.354 [info] > git rev-parse --show-toplevel [3ms]
2025-06-09 22:59:38.354 [info] fatal: not a git repository (or any of the parent directories): .git
2025-06-09 22:59:39.159 [info] > git rev-parse --show-toplevel [10ms]
2025-06-09 22:59:39.159 [info] fatal: not a git repository (or any of the parent directories): .git
2025-06-09 22:59:49.556 [info] > git rev-parse --show-toplevel [3ms]
2025-06-09 22:59:49.556 [info] fatal: not a git repository (or any of the parent directories): .git
2025-06-09 22:59:49.574 [info] > git rev-parse --show-toplevel [2ms]
2025-06-09 22:59:49.574 [info] fatal: not a git repository (or any of the parent directories): .git
2025-06-09 23:00:50.276 [info] > git rev-parse --show-toplevel [5ms]
2025-06-09 23:00:50.276 [info] fatal: not a git repository (or any of the parent directories): .git
2025-06-09 23:00:51.001 [info] > git rev-parse --show-toplevel [7ms]
2025-06-09 23:00:51.001 [info] fatal: not a git repository (or any of the parent directories): .git
2025-06-09 23:01:09.798 [info] > git rev-parse --show-toplevel [3ms]
2025-06-09 23:01:09.798 [info] fatal: not a git repository (or any of the parent directories): .git
2025-06-09 23:01:09.815 [info] > git rev-parse --show-toplevel [3ms]
2025-06-09 23:01:09.815 [info] fatal: not a git repository (or any of the parent directories): .git
2025-06-09 23:02:24.906 [info] > git rev-parse --show-toplevel [4ms]
2025-06-09 23:02:24.906 [info] fatal: not a git repository (or any of the parent directories): .git
2025-06-09 23:02:25.626 [info] > git rev-parse --show-toplevel [11ms]
2025-06-09 23:02:25.626 [info] fatal: not a git repository (or any of the parent directories): .git
2025-06-09 23:02:47.989 [info] > git rev-parse --show-toplevel [4ms]
2025-06-09 23:02:47.989 [info] fatal: not a git repository (or any of the parent directories): .git
2025-06-09 23:02:48.007 [info] > git rev-parse --show-toplevel [3ms]
2025-06-09 23:02:48.007 [info] fatal: not a git repository (or any of the parent directories): .git
2025-06-09 23:02:59.502 [info] > git rev-parse --show-toplevel [4ms]
2025-06-09 23:02:59.502 [info] fatal: not a git repository (or any of the parent directories): .git
2025-06-09 23:03:00.302 [info] > git rev-parse --show-toplevel [17ms]
2025-06-09 23:03:00.302 [info] fatal: not a git repository (or any of the parent directories): .git
2025-06-09 23:03:13.271 [info] > git rev-parse --show-toplevel [3ms]
2025-06-09 23:03:13.271 [info] fatal: not a git repository (or any of the parent directories): .git
2025-06-09 23:03:13.287 [info] > git rev-parse --show-toplevel [2ms]
2025-06-09 23:03:13.287 [info] fatal: not a git repository (or any of the parent directories): .git
2025-06-09 23:24:39.972 [info] > git rev-parse --show-toplevel [5ms]
2025-06-09 23:24:39.972 [info] fatal: not a git repository (or any of the parent directories): .git
2025-06-09 23:24:42.784 [info] > git rev-parse --show-toplevel [3ms]
2025-06-09 23:24:42.784 [info] fatal: not a git repository (or any of the parent directories): .git
2025-06-09 23:24:43.763 [info] > git rev-parse --show-toplevel [2ms]
2025-06-09 23:24:43.763 [info] fatal: not a git repository (or any of the parent directories): .git
2025-06-09 23:25:27.393 [info] > git rev-parse --show-toplevel [2ms]
2025-06-09 23:25:27.393 [info] fatal: not a git repository (or any of the parent directories): .git
2025-06-09 23:25:28.203 [info] > git rev-parse --show-toplevel [4ms]
2025-06-09 23:25:28.203 [info] fatal: not a git repository (or any of the parent directories): .git
2025-06-09 23:27:30.280 [info] > git rev-parse --show-toplevel [3ms]
2025-06-09 23:27:30.280 [info] fatal: not a git repository (or any of the parent directories): .git
2025-06-09 23:27:48.603 [info] > git rev-parse --show-toplevel [2ms]
2025-06-09 23:27:48.603 [info] fatal: not a git repository (or any of the parent directories): .git
2025-06-09 23:34:05.749 [info] > git rev-parse --show-toplevel [4ms]
2025-06-09 23:34:05.750 [info] fatal: not a git repository (or any of the parent directories): .git
2025-06-09 23:34:07.039 [info] > git rev-parse --show-toplevel [3ms]
2025-06-09 23:34:07.039 [info] fatal: not a git repository (or any of the parent directories): .git
2025-06-09 23:46:17.397 [info] > git rev-parse --show-toplevel [3ms]
2025-06-09 23:46:17.397 [info] fatal: not a git repository (or any of the parent directories): .git
2025-06-09 23:46:38.411 [info] > git rev-parse --show-toplevel [2ms]
2025-06-09 23:46:38.411 [info] fatal: not a git repository (or any of the parent directories): .git
2025-06-09 23:46:38.428 [info] > git rev-parse --show-toplevel [3ms]
2025-06-09 23:46:38.428 [info] fatal: not a git repository (or any of the parent directories): .git
2025-06-09 23:46:57.292 [info] > git rev-parse --show-toplevel [4ms]
2025-06-09 23:46:57.292 [info] fatal: not a git repository (or any of the parent directories): .git
2025-06-09 23:46:58.030 [info] > git rev-parse --show-toplevel [5ms]
2025-06-09 23:46:58.030 [info] fatal: not a git repository (or any of the parent directories): .git
2025-06-09 23:47:07.902 [info] > git rev-parse --show-toplevel [4ms]
2025-06-09 23:47:07.902 [info] fatal: not a git repository (or any of the parent directories): .git
2025-06-09 23:47:07.921 [info] > git rev-parse --show-toplevel [2ms]
2025-06-09 23:47:07.921 [info] fatal: not a git repository (or any of the parent directories): .git
2025-06-09 23:48:38.518 [info] > git rev-parse --show-toplevel [2ms]
2025-06-09 23:48:38.518 [info] fatal: not a git repository (or any of the parent directories): .git
2025-06-09 23:48:39.244 [info] > git rev-parse --show-toplevel [3ms]
2025-06-09 23:48:39.244 [info] fatal: not a git repository (or any of the parent directories): .git
2025-06-09 23:49:40.140 [info] > git rev-parse --show-toplevel [6ms]
2025-06-09 23:49:40.140 [info] fatal: not a git repository (or any of the parent directories): .git
2025-06-09 23:49:40.160 [info] > git rev-parse --show-toplevel [3ms]
2025-06-09 23:49:40.160 [info] fatal: not a git repository (or any of the parent directories): .git
2025-06-09 23:49:59.916 [info] > git rev-parse --show-toplevel [4ms]
2025-06-09 23:49:59.916 [info] fatal: not a git repository (or any of the parent directories): .git
2025-06-09 23:50:00.698 [info] > git rev-parse --show-toplevel [13ms]
2025-06-09 23:50:00.698 [info] fatal: not a git repository (or any of the parent directories): .git
2025-06-09 23:50:21.716 [info] > git rev-parse --show-toplevel [3ms]
2025-06-09 23:50:21.716 [info] fatal: not a git repository (or any of the parent directories): .git
2025-06-09 23:50:21.733 [info] > git rev-parse --show-toplevel [1ms]
2025-06-09 23:50:21.733 [info] fatal: not a git repository (or any of the parent directories): .git
2025-06-09 23:50:35.946 [info] > git rev-parse --show-toplevel [3ms]
2025-06-09 23:50:35.946 [info] fatal: not a git repository (or any of the parent directories): .git
2025-06-09 23:50:36.666 [info] > git rev-parse --show-toplevel [7ms]
2025-06-09 23:50:36.666 [info] fatal: not a git repository (or any of the parent directories): .git
2025-06-09 23:51:32.343 [info] > git rev-parse --show-toplevel [8ms]
2025-06-09 23:51:32.343 [info] fatal: not a git repository (or any of the parent directories): .git
2025-06-09 23:51:32.369 [info] > git rev-parse --show-toplevel [4ms]
2025-06-09 23:51:32.369 [info] fatal: not a git repository (or any of the parent directories): .git
2025-06-09 23:52:08.376 [info] > git rev-parse --show-toplevel [4ms]
2025-06-09 23:52:08.376 [info] fatal: not a git repository (or any of the parent directories): .git
2025-06-09 23:52:09.042 [info] > git rev-parse --show-toplevel [2ms]
2025-06-09 23:52:09.042 [info] fatal: not a git repository (or any of the parent directories): .git
2025-06-09 23:52:15.871 [info] > git rev-parse --show-toplevel [7ms]
2025-06-09 23:52:15.871 [info] fatal: not a git repository (or any of the parent directories): .git
2025-06-09 23:52:15.891 [info] > git rev-parse --show-toplevel [3ms]
2025-06-09 23:52:15.891 [info] fatal: not a git repository (or any of the parent directories): .git
2025-06-09 23:52:30.466 [info] > git rev-parse --show-toplevel [10ms]
2025-06-09 23:52:30.466 [info] fatal: not a git repository (or any of the parent directories): .git
2025-06-09 23:52:31.176 [info] > git rev-parse --show-toplevel [4ms]
2025-06-09 23:52:31.176 [info] fatal: not a git repository (or any of the parent directories): .git
2025-06-09 23:52:38.168 [info] > git rev-parse --show-toplevel [3ms]
2025-06-09 23:52:38.168 [info] fatal: not a git repository (or any of the parent directories): .git
2025-06-09 23:52:38.185 [info] > git rev-parse --show-toplevel [1ms]
2025-06-09 23:52:38.185 [info] fatal: not a git repository (or any of the parent directories): .git
2025-06-09 23:52:53.384 [info] > git rev-parse --show-toplevel [5ms]
2025-06-09 23:52:53.384 [info] fatal: not a git repository (or any of the parent directories): .git
2025-06-09 23:52:54.118 [info] > git rev-parse --show-toplevel [2ms]
2025-06-09 23:52:54.118 [info] fatal: not a git repository (or any of the parent directories): .git
2025-06-09 23:53:00.657 [info] > git rev-parse --show-toplevel [3ms]
2025-06-09 23:53:00.657 [info] fatal: not a git repository (or any of the parent directories): .git
2025-06-09 23:53:00.670 [info] > git rev-parse --show-toplevel [1ms]
2025-06-09 23:53:00.670 [info] fatal: not a git repository (or any of the parent directories): .git
2025-06-09 23:53:42.734 [info] > git rev-parse --show-toplevel [3ms]
2025-06-09 23:53:42.734 [info] fatal: not a git repository (or any of the parent directories): .git
2025-06-09 23:56:58.167 [info] > git rev-parse --show-toplevel [4ms]
2025-06-09 23:56:58.167 [info] fatal: not a git repository (or any of the parent directories): .git
2025-06-09 23:56:58.928 [info] > git rev-parse --show-toplevel [5ms]
2025-06-09 23:56:58.928 [info] fatal: not a git repository (or any of the parent directories): .git
2025-06-09 23:57:31.108 [info] > git rev-parse --show-toplevel [3ms]
2025-06-09 23:57:31.108 [info] fatal: not a git repository (or any of the parent directories): .git
2025-06-09 23:57:31.125 [info] > git rev-parse --show-toplevel [2ms]
2025-06-09 23:57:31.125 [info] fatal: not a git repository (or any of the parent directories): .git
2025-06-09 23:58:44.166 [info] > git rev-parse --show-toplevel [4ms]
2025-06-09 23:58:44.166 [info] fatal: not a git repository (or any of the parent directories): .git
2025-06-09 23:58:44.911 [info] > git rev-parse --show-toplevel [6ms]
2025-06-09 23:58:44.911 [info] fatal: not a git repository (or any of the parent directories): .git
2025-06-09 23:59:20.930 [info] > git rev-parse --show-toplevel [3ms]
2025-06-09 23:59:20.930 [info] fatal: not a git repository (or any of the parent directories): .git
2025-06-09 23:59:20.951 [info] > git rev-parse --show-toplevel [3ms]
2025-06-09 23:59:20.951 [info] fatal: not a git repository (or any of the parent directories): .git
2025-06-10 00:00:56.218 [info] > git rev-parse --show-toplevel [3ms]
2025-06-10 00:00:56.218 [info] fatal: not a git repository (or any of the parent directories): .git
2025-06-10 00:00:56.972 [info] > git rev-parse --show-toplevel [5ms]
2025-06-10 00:00:56.972 [info] fatal: not a git repository (or any of the parent directories): .git
2025-06-10 00:01:08.645 [info] > git rev-parse --show-toplevel [3ms]
2025-06-10 00:01:08.645 [info] fatal: not a git repository (or any of the parent directories): .git
2025-06-10 00:01:08.660 [info] > git rev-parse --show-toplevel [1ms]
2025-06-10 00:01:08.660 [info] fatal: not a git repository (or any of the parent directories): .git
2025-06-10 00:03:07.080 [info] > git rev-parse --show-toplevel [5ms]
2025-06-10 00:03:07.080 [info] fatal: not a git repository (or any of the parent directories): .git
2025-06-10 00:03:07.828 [info] > git rev-parse --show-toplevel [3ms]
2025-06-10 00:03:07.828 [info] fatal: not a git repository (or any of the parent directories): .git
2025-06-10 00:03:32.243 [info] > git rev-parse --show-toplevel [2ms]
2025-06-10 00:03:32.243 [info] fatal: not a git repository (or any of the parent directories): .git
2025-06-10 00:03:32.261 [info] > git rev-parse --show-toplevel [3ms]
2025-06-10 00:03:32.261 [info] fatal: not a git repository (or any of the parent directories): .git
2025-06-10 00:07:24.191 [info] > git rev-parse --show-toplevel [4ms]
2025-06-10 00:07:24.191 [info] fatal: not a git repository (or any of the parent directories): .git
2025-06-10 00:07:24.925 [info] > git rev-parse --show-toplevel [4ms]
2025-06-10 00:07:24.925 [info] fatal: not a git repository (or any of the parent directories): .git
2025-06-10 00:07:54.745 [info] > git rev-parse --show-toplevel [6ms]
2025-06-10 00:07:54.745 [info] fatal: not a git repository (or any of the parent directories): .git
2025-06-10 00:07:54.763 [info] > git rev-parse --show-toplevel [3ms]
2025-06-10 00:07:54.763 [info] fatal: not a git repository (or any of the parent directories): .git
2025-06-10 00:08:15.397 [info] > git rev-parse --show-toplevel [4ms]
2025-06-10 00:08:15.397 [info] fatal: not a git repository (or any of the parent directories): .git
2025-06-10 00:08:16.152 [info] > git rev-parse --show-toplevel [6ms]
2025-06-10 00:08:16.153 [info] fatal: not a git repository (or any of the parent directories): .git
2025-06-10 00:08:25.670 [info] > git rev-parse --show-toplevel [3ms]
2025-06-10 00:08:25.670 [info] fatal: not a git repository (or any of the parent directories): .git
2025-06-10 00:08:25.686 [info] > git rev-parse --show-toplevel [2ms]
2025-06-10 00:08:25.686 [info] fatal: not a git repository (or any of the parent directories): .git
2025-06-10 00:08:36.643 [info] > git rev-parse --show-toplevel [4ms]
2025-06-10 00:08:36.643 [info] fatal: not a git repository (or any of the parent directories): .git
2025-06-10 00:08:37.392 [info] > git rev-parse --show-toplevel [4ms]
2025-06-10 00:08:37.392 [info] fatal: not a git repository (or any of the parent directories): .git
2025-06-10 00:08:57.913 [info] > git rev-parse --show-toplevel [5ms]
2025-06-10 00:08:57.914 [info] fatal: not a git repository (or any of the parent directories): .git
2025-06-10 00:08:57.931 [info] > git rev-parse --show-toplevel [2ms]
2025-06-10 00:08:57.931 [info] fatal: not a git repository (or any of the parent directories): .git
2025-06-10 00:11:59.298 [info] > git rev-parse --show-toplevel [8ms]
2025-06-10 00:11:59.298 [info] fatal: not a git repository (or any of the parent directories): .git
2025-06-10 00:12:00.060 [info] > git rev-parse --show-toplevel [4ms]
2025-06-10 00:12:00.060 [info] fatal: not a git repository (or any of the parent directories): .git
2025-06-10 00:12:08.820 [info] > git rev-parse --show-toplevel [3ms]
2025-06-10 00:12:08.821 [info] fatal: not a git repository (or any of the parent directories): .git
2025-06-10 00:12:08.836 [info] > git rev-parse --show-toplevel [2ms]
2025-06-10 00:12:08.836 [info] fatal: not a git repository (or any of the parent directories): .git
2025-06-10 00:13:17.803 [info] > git rev-parse --show-toplevel [4ms]
2025-06-10 00:13:17.804 [info] fatal: not a git repository (or any of the parent directories): .git
2025-06-10 00:13:24.817 [info] > git rev-parse --show-toplevel [3ms]
2025-06-10 00:13:24.817 [info] fatal: not a git repository (or any of the parent directories): .git
2025-06-10 00:13:24.835 [info] > git rev-parse --show-toplevel [2ms]
2025-06-10 00:13:24.835 [info] fatal: not a git repository (or any of the parent directories): .git
2025-06-10 00:14:47.142 [info] > git rev-parse --show-toplevel [3ms]
2025-06-10 00:14:47.142 [info] fatal: not a git repository (or any of the parent directories): .git
2025-06-10 00:14:48.976 [info] > git rev-parse --show-toplevel [3ms]
2025-06-10 00:14:48.976 [info] fatal: not a git repository (or any of the parent directories): .git
2025-06-10 00:15:23.136 [info] > git rev-parse --show-toplevel [3ms]
2025-06-10 00:15:23.136 [info] fatal: not a git repository (or any of the parent directories): .git
2025-06-10 00:19:26.668 [info] > git rev-parse --show-toplevel [6ms]
2025-06-10 00:19:26.669 [info] fatal: not a git repository (or any of the parent directories): .git
2025-06-10 00:19:27.461 [info] > git rev-parse --show-toplevel [22ms]
2025-06-10 00:19:27.461 [info] fatal: not a git repository (or any of the parent directories): .git
2025-06-10 00:19:54.347 [info] > git rev-parse --show-toplevel [2ms]
2025-06-10 00:19:54.347 [info] fatal: not a git repository (or any of the parent directories): .git
2025-06-10 00:19:54.361 [info] > git rev-parse --show-toplevel [1ms]
2025-06-10 00:19:54.361 [info] fatal: not a git repository (or any of the parent directories): .git
2025-06-10 00:20:04.723 [info] > git rev-parse --show-toplevel [3ms]
2025-06-10 00:20:04.723 [info] fatal: not a git repository (or any of the parent directories): .git
2025-06-10 00:20:05.469 [info] > git rev-parse --show-toplevel [3ms]
2025-06-10 00:20:05.469 [info] fatal: not a git repository (or any of the parent directories): .git
2025-06-10 00:20:31.722 [info] > git rev-parse --show-toplevel [3ms]
2025-06-10 00:20:31.722 [info] fatal: not a git repository (or any of the parent directories): .git
2025-06-10 00:20:31.740 [info] > git rev-parse --show-toplevel [2ms]
2025-06-10 00:20:31.740 [info] fatal: not a git repository (or any of the parent directories): .git
2025-06-10 00:22:02.996 [info] > git rev-parse --show-toplevel [2ms]
2025-06-10 00:22:03.013 [info] > git rev-parse --git-dir --git-common-dir [3ms]
2025-06-10 00:22:03.032 [info] [Model][openRepository] Opened repository (path): /home/ubuntu
2025-06-10 00:22:03.032 [info] [Model][openRepository] Opened repository (real path): /home/ubuntu
2025-06-10 00:22:03.063 [info] [Git][getRemotes] No remotes found in the git config file
2025-06-10 00:22:03.064 [info] > git config --get commit.template [14ms]
2025-06-10 00:22:03.065 [info] > git for-each-ref --format=%(refname)%00%(upstream:short)%00%(objectname)%00%(upstream:track)%00%(upstream:remotename)%00%(upstream:remoteref) refs/heads/master refs/remotes/master [3ms]
2025-06-10 00:22:03.066 [warning] [Git][getBranch] No such branch: master
2025-06-10 00:22:03.088 [info] > git for-each-ref --sort -committerdate --format %(refname)%00%(objectname)%00%(*objectname) [2ms]
2025-06-10 00:22:03.387 [info] > git status -z -uall [310ms] (cancelled)
2025-06-10 00:22:04.518 [info] > git for-each-ref --format=%(refname)%00%(upstream:short)%00%(objectname)%00%(upstream:track)%00%(upstream:remotename)%00%(upstream:remoteref) refs/heads/master refs/remotes/master [1136ms]
2025-06-10 00:22:04.518 [warning] [Git][getBranch] No such branch: master
2025-06-10 00:22:04.519 [error] [GitHistoryProvider][resolveHEADMergeBase] Failed to resolve merge base for master: Error: No such branch: master.
2025-06-10 00:22:04.527 [info] > git config --get commit.template [36ms]
2025-06-10 00:22:04.544 [info] [Git][getRemotes] No remotes found in the git config file
2025-06-10 00:22:04.547 [info] > git for-each-ref --format=%(refname)%00%(upstream:short)%00%(objectname)%00%(upstream:track)%00%(upstream:remotename)%00%(upstream:remoteref) refs/heads/master refs/remotes/master [3ms]
2025-06-10 00:22:04.547 [warning] [Git][getBranch] No such branch: master
2025-06-10 00:22:04.584 [info] > git for-each-ref --sort -committerdate --format %(refname)%00%(objectname)%00%(*objectname) [3ms]
2025-06-10 00:22:06.147 [info] > git status -z -uall [1584ms] (cancelled)
2025-06-10 00:22:06.147 [info] > git show --textconv :keygenie_bot.py [37ms]
2025-06-10 00:22:06.147 [info] > git show --textconv HEAD:keygenie_bot.py [27ms]
2025-06-10 00:22:06.239 [info] > git ls-tree -l HEAD -- keygenie_bot.py [99ms]
2025-06-10 00:22:06.239 [info] fatal: Not a valid object name HEAD
2025-06-10 00:22:06.250 [info] > git ls-files --stage -- keygenie_bot.py [123ms]
2025-06-10 00:22:06.270 [info] > git check-ignore -v -z --stdin [111ms]
2025-06-10 00:22:06.271 [info] > git cat-file -s ad0e78dc4363972b2fc408474305494f546133bd [14ms]
2025-06-10 00:22:06.271 [info] > git hash-object -t tree /dev/null [21ms]
2025-06-10 00:22:06.271 [warning] [GitFileSystemProvider][stat] File not found - git:/home/ubuntu/keygenie_bot.py.git?%7B%22path%22%3A%22%2Fhome%2Fubuntu%2Fkeygenie_bot.py%22%2C%22ref%22%3A%22HEAD%22%7D
2025-06-10 00:22:06.284 [info] > git hash-object -t tree /dev/null [16ms]
2025-06-10 00:22:06.284 [warning] [GitFileSystemProvider][readFile] File not found - git:/home/ubuntu/keygenie_bot.py.git?%7B%22path%22%3A%22%2Fhome%2Fubuntu%2Fkeygenie_bot.py%22%2C%22ref%22%3A%22HEAD%22%7D
2025-06-10 00:24:35.689 [info] > git log --format=%H%n%aN%n%aE%n%at%n%ct%n%P%n%D%n%B -z --shortstat --diff-merges=first-parent -n50 --skip=0 --topo-order --decorate=full --stdin [40ms]
2025-06-10 00:24:35.689 [info] fatal: bad revision 'refs/heads/master'
2025-06-10 00:24:35.690 [error] [GitHistoryProvider][provideHistoryItems] Failed to get history items with options '{"historyItemRefs":["refs/heads/master"],"limit":50,"skip":0}': Failed to execute git {
  "exitCode": 128,
  "gitCommand": "log",
  "stdout": "",
  "stderr": "fatal: bad revision 'refs/heads/master'\n"
}
2025-06-10 00:24:36.202 [info] > git check-ignore -v -z --stdin [3ms]
2025-06-10 00:24:45.916 [info] > git check-ignore -v -z --stdin [3ms]
2025-06-10 00:24:46.503 [info] > git check-ignore -v -z --stdin [2ms]
