2025-06-09 22:29:43.525 [info] Experiment 'pythonRecommendTensorboardExt' is active
2025-06-09 22:29:43.525 [info] Experiment 'pythonTerminalEnvVarActivation' is active
2025-06-09 22:29:43.525 [info] Native locator: Refresh started
2025-06-09 22:29:43.525 [info] Conda environment manager found at: /opt/miniconda/bin/conda
2025-06-09 22:29:43.525 [info] Using conda: /opt/miniconda/bin/conda
2025-06-09 22:29:43.525 [info] Native locator: Refresh started
2025-06-09 22:29:43.525 [info] Native locator: Refresh started
2025-06-09 22:29:43.525 [info] Native locator: Refresh finished in 892 ms
2025-06-09 22:29:43.525 [info] > pyenv which python
2025-06-09 22:29:43.525 [info] cwd: .
2025-06-09 22:29:43.560 [info] Python interpreter path: /bin/python
2025-06-09 22:29:47.110 [info] Starting Pylance language server.
2025-06-09 22:30:00.107 [info] Discover tests for workspace name: ubuntu - uri: /home/ubuntu
2025-06-09 22:30:20.051 [info] Discover tests for workspace name: ubuntu - uri: /home/ubuntu/keygenie_bot.py
2025-06-09 22:32:48.710 [info] Discover tests for workspace name: ubuntu - uri: /home/ubuntu/keygenie_bot.py
2025-06-09 22:34:46.972 [info] Discover tests for workspace name: ubuntu - uri: /home/ubuntu/config.py
2025-06-09 22:35:30.581 [info] Discover tests for workspace name: ubuntu - uri: /home/ubuntu/keygenie_bot.py
2025-06-09 22:36:02.688 [info] Discover tests for workspace name: ubuntu - uri: /home/ubuntu/keygenie_bot.py
2025-06-09 22:36:22.056 [info] Discover tests for workspace name: ubuntu - uri: /home/ubuntu/keygenie_bot.py
2025-06-09 22:36:44.222 [info] Discover tests for workspace name: ubuntu - uri: /home/ubuntu/keygenie_bot.py
2025-06-09 22:38:55.615 [info] Discover tests for workspace name: ubuntu - uri: /home/ubuntu/keygenie_bot.py
2025-06-09 22:39:10.263 [info] Discover tests for workspace name: ubuntu - uri: /home/ubuntu/keygenie_bot.py
2025-06-09 22:39:29.581 [info] Discover tests for workspace name: ubuntu - uri: /home/ubuntu/keygenie_bot.py
2025-06-09 22:39:50.871 [info] Discover tests for workspace name: ubuntu - uri: /home/ubuntu/keygenie_bot.py
2025-06-09 22:40:02.202 [info] Discover tests for workspace name: ubuntu - uri: /home/ubuntu/keygenie_bot.py
2025-06-09 22:40:14.576 [info] Discover tests for workspace name: ubuntu - uri: /home/ubuntu/keygenie_bot.py
2025-06-09 22:40:29.951 [info] Discover tests for workspace name: ubuntu - uri: /home/ubuntu/keygenie_bot.py
2025-06-09 22:40:47.394 [info] Discover tests for workspace name: ubuntu - uri: /home/ubuntu/keygenie_bot.py
2025-06-09 22:41:01.970 [info] Discover tests for workspace name: ubuntu - uri: /home/ubuntu/keygenie_bot.py
2025-06-09 22:41:15.364 [info] Discover tests for workspace name: ubuntu - uri: /home/ubuntu/keygenie_bot.py
2025-06-09 22:41:31.630 [info] Discover tests for workspace name: ubuntu - uri: /home/ubuntu/keygenie_bot.py
2025-06-09 22:41:49.212 [info] Discover tests for workspace name: ubuntu - uri: /home/ubuntu/keygenie_bot.py
2025-06-09 22:43:29.500 [info] Send text to terminal: /bin/python /home/ubuntu/keygenie_bot.py
2025-06-09 22:51:09.503 [info] Discover tests for workspace name: ubuntu - uri: /home/ubuntu/config.py
2025-06-09 22:51:49.572 [info] Discover tests for workspace name: ubuntu - uri: /home/ubuntu/keygenie_bot.py
2025-06-09 22:52:40.673 [info] Discover tests for workspace name: ubuntu - uri: /home/ubuntu/keygenie_bot.py
2025-06-09 22:53:14.770 [info] Discover tests for workspace name: ubuntu - uri: /home/ubuntu/payment_verification_cron.py
2025-06-09 22:55:24.287 [info] Discover tests for workspace name: ubuntu - uri: /home/ubuntu/config.py
2025-06-09 22:57:43.629 [info] Discover tests for workspace name: ubuntu - uri: /home/ubuntu/keygenie_bot.py
2025-06-09 22:58:33.172 [info] Discover tests for workspace name: ubuntu - uri: /home/ubuntu/keygenie_bot.py
2025-06-09 22:59:49.386 [info] Discover tests for workspace name: ubuntu - uri: /home/ubuntu/keygenie_bot.py
2025-06-09 23:01:09.657 [info] Discover tests for workspace name: ubuntu - uri: /home/ubuntu/keygenie_bot.py
2025-06-09 23:02:47.846 [info] Discover tests for workspace name: ubuntu - uri: /home/ubuntu/keygenie_bot.py
2025-06-09 23:03:13.146 [info] Discover tests for workspace name: ubuntu - uri: /home/ubuntu/keygenie_bot.py
2025-06-09 23:13:05.447 [info] Send text to terminal: /bin/python /home/ubuntu/keygenie_bot.py
2025-06-09 23:27:20.152 [info] Send text to terminal: /bin/python /home/ubuntu/payment_verification_cron.py
2025-06-09 23:46:38.264 [info] Discover tests for workspace name: ubuntu - uri: /home/ubuntu/test_keygenie_bot.py
2025-06-09 23:50:21.614 [info] Discover tests for workspace name: ubuntu - uri: /home/ubuntu/test_keygenie_bot.py
2025-06-09 23:51:52.757 [info] Discover tests for workspace name: ubuntu - uri: /home/ubuntu/test_keygenie_bot.py
2025-06-09 23:52:15.748 [info] Discover tests for workspace name: ubuntu - uri: /home/ubuntu/test_keygenie_bot.py
2025-06-09 23:52:38.053 [info] Discover tests for workspace name: ubuntu - uri: /home/ubuntu/test_keygenie_bot.py
2025-06-09 23:53:00.560 [info] Discover tests for workspace name: ubuntu - uri: /home/ubuntu/test_keygenie_bot.py
2025-06-09 23:58:29.434 [info] Send text to terminal: /bin/python /home/ubuntu/keygenie_bot.py
2025-06-09 23:59:20.794 [info] Discover tests for workspace name: ubuntu - uri: /home/ubuntu/keygenie_bot.py
2025-06-10 00:01:08.511 [info] Discover tests for workspace name: ubuntu - uri: /home/ubuntu/keygenie_bot.py
2025-06-10 00:03:32.118 [info] Discover tests for workspace name: ubuntu - uri: /home/ubuntu/keygenie_bot.py
2025-06-10 00:08:05.897 [info] Discover tests for workspace name: ubuntu - uri: /home/ubuntu/keygenie_bot.py
2025-06-10 00:08:25.530 [info] Discover tests for workspace name: ubuntu - uri: /home/ubuntu/keygenie_bot.py
2025-06-10 00:08:57.742 [info] Discover tests for workspace name: ubuntu - uri: /home/ubuntu/keygenie_bot.py
2025-06-10 00:09:55.656 [info] Send text to terminal: /bin/python /home/ubuntu/keygenie_bot.py
2025-06-10 00:12:08.688 [info] Discover tests for workspace name: ubuntu - uri: /home/ubuntu/keygenie_bot.py
2025-06-10 00:13:24.691 [info] Discover tests for workspace name: ubuntu - uri: /home/ubuntu/test_keygenie_bot.py
2025-06-10 00:14:42.899 [info] Send text to terminal: /bin/python /home/ubuntu/test_keygenie_bot.py
2025-06-10 00:19:54.226 [info] Discover tests for workspace name: ubuntu - uri: /home/ubuntu/keygenie_bot.py
2025-06-10 00:20:31.561 [info] Discover tests for workspace name: ubuntu - uri: /home/ubuntu/keygenie_bot.py
2025-06-10 00:25:20.963 [info] Send text to terminal: /bin/python /home/ubuntu/keygenie_bot.py
2025-06-10 00:25:58.221 [info] Discover tests for workspace name: ubuntu - uri: /home/ubuntu/keygenie_bot.py
