2025-06-10 01:23:43.498 [info] [Info  - 1:23:43 AM] (3233) Server root directory: file:///home/ubuntu/.vscode-server/extensions/ms-python.vscode-pylance-2025.5.1/dist
2025-06-10 01:23:43.551 [info] [Info  - 1:23:43 AM] (3233) Pylance language server 2025.5.1 (pyright version 1.1.400, commit b962ffc2) starting
2025-06-10 01:23:43.551 [info] [Info  - 1:23:43 AM] (3233) Starting service instance "ubuntu" for workspace "/home/ubuntu"
2025-06-10 01:23:43.602 [info] [Info  - 1:23:43 AM] (3233) Setting environmentName for service "ubuntu": "3.10.12 (global)"
2025-06-10 01:23:43.603 [info] [Info  - 1:23:43 AM] (3233) Setting pythonPath for service "ubuntu": "/usr/bin/python"
2025-06-10 01:23:43.604 [info] [Info  - 1:23:43 AM] (3233) No include entries specified; assuming /home/ubuntu
2025-06-10 01:23:43.605 [info] [Info  - 1:23:43 AM] (3233) Auto-excluding **/node_modules
2025-06-10 01:23:43.605 [info] [Info  - 1:23:43 AM] (3233) Auto-excluding **/__pycache__
2025-06-10 01:23:43.606 [info] [Info  - 1:23:43 AM] (3233) Auto-excluding **/.*
2025-06-10 01:23:43.658 [info] [Info  - 1:23:43 AM] (3233) Assuming Python version 3.10.12.final.0
2025-06-10 01:23:43.785 [info] [Info  - 1:23:43 AM] (3233) Found 4 source files
2025-06-10 01:23:43.809 [info] [Info  - 1:23:43 AM] (3233) Setting environmentName for service "ubuntu": "3.10.12 (global)"
2025-06-10 01:23:43.810 [info] [Info  - 1:23:43 AM] (3233) Setting pythonPath for service "ubuntu": "/usr/bin/python"
2025-06-10 01:23:43.810 [info] [Info  - 1:23:43 AM] (3233) No include entries specified; assuming /home/ubuntu
2025-06-10 01:23:43.810 [info] [Info  - 1:23:43 AM] (3233) Auto-excluding **/node_modules
2025-06-10 01:23:43.810 [info] [Info  - 1:23:43 AM] (3233) Auto-excluding **/__pycache__
2025-06-10 01:23:43.810 [info] [Info  - 1:23:43 AM] (3233) Auto-excluding **/.*
2025-06-10 01:23:43.851 [info] [Info  - 1:23:43 AM] (3233) Assuming Python version 3.10.12.final.0
2025-06-10 01:23:43.942 [info] [Info  - 1:23:43 AM] (3233) Found 4 source files
2025-06-10 01:23:44.367 [info] [Info  - 1:23:44 AM] (3233) BG: Priority queue background worker(2) root directory: file:///home/ubuntu/.vscode-server/extensions/ms-python.vscode-pylance-2025.5.1/dist
2025-06-10 01:23:44.367 [info] [Info  - 1:23:44 AM] (3233) BG: Priority queue background worker(2) started
2025-06-10 01:23:46.196 [info] [Info  - 1:23:46 AM] (3233) BG: Indexer background runner(3) root directory: file:///home/ubuntu/.vscode-server/extensions/ms-python.vscode-pylance-2025.5.1/dist (index)
2025-06-10 01:23:46.212 [info] [Info  - 1:23:46 AM] (3233) BG: Indexing(3) started
2025-06-10 01:23:46.293 [info] [Info  - 1:23:46 AM] (3233) BG: scanned(3) 329 files over 1 exec env
2025-06-10 01:23:46.376 [info] [Info  - 1:23:46 AM] (3233) BG: indexed(3) 329 files over 1 exec env
2025-06-10 01:23:46.548 [info] [Info  - 1:23:46 AM] (3233) BG: Indexing finished(3).
2025-06-10 01:23:55.500 [info] (Client) The existing extension didn't exit within 10 seconds. New instance will start, but you might encounter issues.
2025-06-10 01:23:55.500 [info] (Client) Pylance async client (2025.5.1) started with python extension (2025.6.1)
2025-06-10 01:31:29.853 [info] [Info  - 1:31:29 AM] (3233) Setting environmentName for service "ubuntu": "3.10.12 (.venv venv)"
2025-06-10 01:31:29.853 [info] [Info  - 1:31:29 AM] (3233) Setting pythonPath for service "ubuntu": "/home/ubuntu/.venv/bin/python"
2025-06-10 01:31:29.854 [info] [Info  - 1:31:29 AM] (3233) No include entries specified; assuming /home/ubuntu
2025-06-10 01:31:29.854 [info] [Info  - 1:31:29 AM] (3233) Auto-excluding **/node_modules
2025-06-10 01:31:29.855 [info] [Info  - 1:31:29 AM] (3233) Auto-excluding **/__pycache__
2025-06-10 01:31:29.855 [info] [Info  - 1:31:29 AM] (3233) Auto-excluding **/.*
2025-06-10 01:31:29.911 [info] [Info  - 1:31:29 AM] (3233) Assuming Python version 3.10.12.final.0
2025-06-10 01:31:30.008 [info] [Info  - 1:31:30 AM] (3233) Found 4 source files
2025-06-10 01:31:30.714 [info] [Info  - 1:31:30 AM] (3233) BG: Indexer background runner(4) root directory: file:///home/ubuntu/.vscode-server/extensions/ms-python.vscode-pylance-2025.5.1/dist (index)
2025-06-10 01:31:30.714 [info] [Info  - 1:31:30 AM] (3233) BG: Indexing(4) started
2025-06-10 01:31:31.076 [info] [Info  - 1:31:31 AM] (3233) BG: scanned(4) 17 files over 1 exec env
2025-06-10 01:31:31.653 [info] [Info  - 1:31:31 AM] (3233) BG: indexed(4) 17 files over 1 exec env
2025-06-10 01:31:31.677 [info] [Info  - 1:31:31 AM] (3233) BG: Indexing finished(4).
